{
  "stats": {
    "suites": 6,
    "tests": 20,
    "passes": 19,
    "pending": 0,
    "failures": 1,
    "start": "2019-05-23T10:48:41.155Z",
    "end": "2019-05-23T10:48:42.214Z",
    "duration": 1059,
    "testsRegistered": 20,
    "passPercent": 95,
    "pendingPercent": 0,
    "other": 0,
    "hasOther": false,
    "skipped": 0,
    "hasSkipped": false,
    "passPercentClass": "success",
    "pendingPercentClass": "danger"
  },
  "suites": {
    "uuid": "5cf5bb87-f519-465f-b79b-10e0bab114fb",
    "title": "",
    "fullFile": "",
    "file": "",
    "beforeHooks": [],
    "afterHooks": [],
    "tests": [],
    "suites": [
      {
        "uuid": "28fbfa2a-63a2-4f14-a6ee-bce7b14fd23b",
        "title": "Account.vue",
        "fullFile": "C:\\Users\\Eunkyu\\Desktop\\Certi3\\CertiFinal\\dist\\main.js",
        "file": "\\dist\\main.js",
        "beforeHooks": [
          {
            "title": "\"before each\" hook",
            "fullTitle": "Account.vue \"before each\" hook",
            "timedOut": false,
            "duration": 13,
            "pass": false,
            "fail": false,
            "pending": false,
            "code": "store = _store_js__WEBPACK_IMPORTED_MODULE_3__[\"storeTest\"]   \nwrapper = Object(_vue_test_utils__WEBPACK_IMPORTED_MODULE_1__[\"shallowMount\"])(_components_Account_vue__WEBPACK_IMPORTED_MODULE_2__[\"default\"],{store})",
            "err": {},
            "isRoot": false,
            "uuid": "bbf5df05-6244-4fb6-b468-e0694c23f8a4",
            "isHook": true,
            "skipped": false
          }
        ],
        "afterHooks": [],
        "tests": [
          {
            "title": "Account has 3 buttons: add, edit, delete",
            "fullTitle": "Account.vue Account has 3 buttons: add, edit, delete",
            "timedOut": false,
            "duration": 13,
            "state": "passed",
            "speed": "fast",
            "pass": true,
            "fail": false,
            "pending": false,
            "code": "const buttonArray = wrapper.findAll('button')\nconst firstButton = buttonArray.at(1)\nconst secondButton = buttonArray.at(2)\nconst thirdButton = buttonArray.at(3)\nObject(chai__WEBPACK_IMPORTED_MODULE_0__[\"expect\"])(buttonArray.length).to.equal(4)\nObject(chai__WEBPACK_IMPORTED_MODULE_0__[\"expect\"])(firstButton.text()).to.equal('Add')\nObject(chai__WEBPACK_IMPORTED_MODULE_0__[\"expect\"])(secondButton.text()).to.equal('Edit')\nObject(chai__WEBPACK_IMPORTED_MODULE_0__[\"expect\"])(thirdButton.text()).to.equal('Delete')",
            "err": {},
            "isRoot": false,
            "uuid": "3c4c7b08-38cf-49bd-893b-713a55a41442",
            "isHook": false,
            "skipped": false
          },
          {
            "title": "Table has 2 columns: name, description",
            "fullTitle": "Account.vue Table has 2 columns: name, description",
            "timedOut": false,
            "duration": 0,
            "state": "passed",
            "speed": "fast",
            "pass": true,
            "fail": false,
            "pending": false,
            "code": "const fieldArray = wrapper.vm.fields\nconst firstColumn = fieldArray[0]\nconst secondColumn = fieldArray[1]\nObject(chai__WEBPACK_IMPORTED_MODULE_0__[\"expect\"])(fieldArray.length).to.equal(2)\nObject(chai__WEBPACK_IMPORTED_MODULE_0__[\"expect\"])(firstColumn.value).to.equal('name')\nObject(chai__WEBPACK_IMPORTED_MODULE_0__[\"expect\"])(secondColumn.value).to.equal('description')",
            "err": {},
            "isRoot": false,
            "uuid": "7b55ca31-396f-4fc7-a0f1-38c7b5b21c19",
            "isHook": false,
            "skipped": false
          },
          {
            "title": "At button click, at least 1 object exists in array",
            "fullTitle": "Account.vue At button click, at least 1 object exists in array",
            "timedOut": false,
            "duration": 6,
            "state": "passed",
            "speed": "fast",
            "pass": true,
            "fail": false,
            "pending": false,
            "code": "const initialLength = wrapper.vm.accountArray.length\nwrapper.find('button.add')\nwrapper.vm.add(object)\nObject(chai__WEBPACK_IMPORTED_MODULE_0__[\"expect\"])(wrapper.vm.accountArray.length).to.equal(initialLength + 1)",
            "err": {},
            "isRoot": false,
            "uuid": "1e6530c4-4268-4901-9d5a-73188fd3364d",
            "isHook": false,
            "skipped": false
          }
        ],
        "suites": [],
        "passes": [
          "3c4c7b08-38cf-49bd-893b-713a55a41442",
          "7b55ca31-396f-4fc7-a0f1-38c7b5b21c19",
          "1e6530c4-4268-4901-9d5a-73188fd3364d"
        ],
        "failures": [],
        "pending": [],
        "skipped": [],
        "duration": 19,
        "root": false,
        "rootEmpty": false,
        "_timeout": 2000
      },
      {
        "uuid": "8a72b259-a1d0-43e1-8282-0c27692bb1bf",
        "title": "mutations",
        "fullFile": "C:\\Users\\Eunkyu\\Desktop\\Certi3\\CertiFinal\\dist\\main.js",
        "file": "\\dist\\main.js",
        "beforeHooks": [],
        "afterHooks": [],
        "tests": [
          {
            "title": "Mutations are Testable",
            "fullTitle": "mutations Mutations are Testable",
            "timedOut": false,
            "duration": 0,
            "state": "passed",
            "speed": "fast",
            "pass": true,
            "fail": false,
            "pending": false,
            "code": "increment()\nObject(chai__WEBPACK_IMPORTED_MODULE_0__[\"expect\"])(_store_js__WEBPACK_IMPORTED_MODULE_1__[\"state\"].count).to.equal(1)",
            "err": {},
            "isRoot": false,
            "uuid": "7392aa59-2089-458d-824c-f8051dbfb6a7",
            "isHook": false,
            "skipped": false
          },
          {
            "title": "add INCOME ",
            "fullTitle": "mutations add INCOME ",
            "timedOut": false,
            "duration": 1,
            "state": "passed",
            "speed": "fast",
            "pass": true,
            "fail": false,
            "pending": false,
            "code": "const income = { name: 'income', amount: '10' }\nchai__WEBPACK_IMPORTED_MODULE_0__[\"assert\"].isEmpty(_store_js__WEBPACK_IMPORTED_MODULE_1__[\"state\"].INCOMES, 'Array de Incomes vacio')\naddIncome(_store_js__WEBPACK_IMPORTED_MODULE_1__[\"state\"], income)\nchai__WEBPACK_IMPORTED_MODULE_0__[\"assert\"].isNotEmpty(_store_js__WEBPACK_IMPORTED_MODULE_1__[\"state\"].INCOMES, 'Array de Incomes vacio')",
            "err": {},
            "isRoot": false,
            "uuid": "829ed055-dd81-449f-95d1-fda43fe13328",
            "isHook": false,
            "skipped": false
          },
          {
            "title": "Local Storage Data Saving",
            "fullTitle": "mutations Local Storage Data Saving",
            "timedOut": false,
            "duration": 222,
            "state": "passed",
            "speed": "slow",
            "pass": true,
            "fail": false,
            "pending": false,
            "code": "const income = { name: 'income', amount: '10' }\naddIncome(_store_js__WEBPACK_IMPORTED_MODULE_1__[\"state\"], income)\nObject(chai__WEBPACK_IMPORTED_MODULE_0__[\"expect\"])(window.localStorage.length).to.equal(0)\nsaveAllData()\nObject(chai__WEBPACK_IMPORTED_MODULE_0__[\"expect\"])(window.localStorage.length).to.equal(1)",
            "err": {},
            "isRoot": false,
            "uuid": "5fcbf2d8-baff-4954-ad51-2de737401677",
            "isHook": false,
            "skipped": false
          },
          {
            "title": "Local Storage Data clearing",
            "fullTitle": "mutations Local Storage Data clearing",
            "timedOut": false,
            "duration": 202,
            "state": "passed",
            "speed": "slow",
            "pass": true,
            "fail": false,
            "pending": false,
            "code": "const income = { name: 'income', amount: '10' }\naddIncome(_store_js__WEBPACK_IMPORTED_MODULE_1__[\"state\"], income)\nsaveAllData()\nObject(chai__WEBPACK_IMPORTED_MODULE_0__[\"expect\"])(window.localStorage.length).to.equal(1)\neraseAllData()\nObject(chai__WEBPACK_IMPORTED_MODULE_0__[\"expect\"])(window.localStorage.length).to.equal(0)",
            "err": {},
            "isRoot": false,
            "uuid": "32a1b57e-23e0-4809-8bc6-9b46bba0b96d",
            "isHook": false,
            "skipped": false
          }
        ],
        "suites": [],
        "passes": [
          "7392aa59-2089-458d-824c-f8051dbfb6a7",
          "829ed055-dd81-449f-95d1-fda43fe13328",
          "5fcbf2d8-baff-4954-ad51-2de737401677",
          "32a1b57e-23e0-4809-8bc6-9b46bba0b96d"
        ],
        "failures": [],
        "pending": [],
        "skipped": [],
        "duration": 425,
        "root": false,
        "rootEmpty": false,
        "_timeout": 2000
      },
      {
        "uuid": "b9c9d79a-fa83-43c0-95ad-f42b1aeb5a29",
        "title": "reportes",
        "fullFile": "C:\\Users\\Eunkyu\\Desktop\\Certi3\\CertiFinal\\dist\\main.js",
        "file": "\\dist\\main.js",
        "beforeHooks": [],
        "afterHooks": [],
        "tests": [
          {
            "title": "renders two storage buttons",
            "fullTitle": "reportes renders two storage buttons",
            "timedOut": false,
            "duration": 211,
            "state": "passed",
            "speed": "slow",
            "pass": true,
            "fail": false,
            "pending": false,
            "code": "store = _store_js__WEBPACK_IMPORTED_MODULE_3__[\"storeTest\"]\n      let wrapper = Object(_vue_test_utils__WEBPACK_IMPORTED_MODULE_1__[\"mount\"])(_views_reportes_vue__WEBPACK_IMPORTED_MODULE_2__[\"default\"],{store})\n      let deleteButton = wrapper.find('#deleteData')\n      let saveButton = wrapper.find('#saveButton')\n      Object(chai__WEBPACK_IMPORTED_MODULE_0__[\"expect\"])((deleteButton).exists())\n      Object(chai__WEBPACK_IMPORTED_MODULE_0__[\"expect\"])((saveButton).exists())  \n    const income = { name: 'income', amount: '10' }\n    addIncome(_store_js__WEBPACK_IMPORTED_MODULE_3__[\"state\"], income)\n    Object(chai__WEBPACK_IMPORTED_MODULE_0__[\"expect\"])(window.localStorage.length).to.equal(0)\n    saveButton.trigger('click')\n    Object(chai__WEBPACK_IMPORTED_MODULE_0__[\"expect\"])(window.localStorage.length).to.equal(1)\n    deleteButton.trigger('click')\n    Object(chai__WEBPACK_IMPORTED_MODULE_0__[\"expect\"])(window.localStorage.length).to.equal(0)",
            "err": {},
            "isRoot": false,
            "uuid": "3650a7b5-9927-4a8a-896c-549eaea95195",
            "isHook": false,
            "skipped": false
          }
        ],
        "suites": [],
        "passes": [
          "3650a7b5-9927-4a8a-896c-549eaea95195"
        ],
        "failures": [],
        "pending": [],
        "skipped": [],
        "duration": 211,
        "root": false,
        "rootEmpty": false,
        "_timeout": 2000
      },
      {
        "uuid": "7bbbbd72-7572-4b33-a48e-4f5338ff52bc",
        "title": "IncExpForm.vue",
        "fullFile": "C:\\Users\\Eunkyu\\Desktop\\Certi3\\CertiFinal\\dist\\main.js",
        "file": "\\dist\\main.js",
        "beforeHooks": [
          {
            "title": "\"before each\" hook",
            "fullTitle": "IncExpForm.vue \"before each\" hook",
            "timedOut": false,
            "duration": 9,
            "pass": false,
            "fail": false,
            "pending": false,
            "code": "store = _store_js__WEBPACK_IMPORTED_MODULE_3__[\"storeTest\"]       \nwrapper = Object(_vue_test_utils__WEBPACK_IMPORTED_MODULE_1__[\"shallowMount\"])(_components_IncExpForm_vue__WEBPACK_IMPORTED_MODULE_2__[\"default\"], {store, propsData: { formType } })",
            "err": {},
            "isRoot": false,
            "uuid": "587623aa-d725-451f-b5f0-d15b9622f74c",
            "isHook": true,
            "skipped": false
          }
        ],
        "afterHooks": [],
        "tests": [
          {
            "title": "renders Name input",
            "fullTitle": "IncExpForm.vue renders Name input",
            "timedOut": false,
            "duration": 1,
            "state": "passed",
            "speed": "fast",
            "pass": true,
            "fail": false,
            "pending": false,
            "code": "Object(chai__WEBPACK_IMPORTED_MODULE_0__[\"expect\"])(wrapper.find('#Name').exists())",
            "err": {},
            "isRoot": false,
            "uuid": "43363862-93fc-4b7d-afb2-1a1668a30952",
            "isHook": false,
            "skipped": false
          },
          {
            "title": "renders Category label",
            "fullTitle": "IncExpForm.vue renders Category label",
            "timedOut": false,
            "duration": 4,
            "state": "passed",
            "speed": "fast",
            "pass": true,
            "fail": false,
            "pending": false,
            "code": "Object(chai__WEBPACK_IMPORTED_MODULE_0__[\"expect\"])(wrapper.find('#LblCategory').exists())",
            "err": {},
            "isRoot": false,
            "uuid": "7fa5ccd1-d809-4db3-a7c3-204ba5935d1f",
            "isHook": false,
            "skipped": false
          },
          {
            "title": "renders Amount input",
            "fullTitle": "IncExpForm.vue renders Amount input",
            "timedOut": false,
            "duration": 1,
            "state": "passed",
            "speed": "fast",
            "pass": true,
            "fail": false,
            "pending": false,
            "code": "Object(chai__WEBPACK_IMPORTED_MODULE_0__[\"expect\"])(wrapper.find('#Amount').exists())",
            "err": {},
            "isRoot": false,
            "uuid": "acf187dd-9696-4ca2-9ecb-51cc117ab635",
            "isHook": false,
            "skipped": false
          },
          {
            "title": "renders expense in the titles when the formType is expense",
            "fullTitle": "IncExpForm.vue renders expense in the titles when the formType is expense",
            "timedOut": false,
            "duration": 2,
            "state": "passed",
            "speed": "fast",
            "pass": true,
            "fail": false,
            "pending": false,
            "code": "const title1 = wrapper.find('#lblName')\nconst title2 = wrapper.find('#lblCategory')\nconst title3 = wrapper.find('#lblAmount')\nObject(chai__WEBPACK_IMPORTED_MODULE_0__[\"expect\"])(title1.text()).to.equal('Expense Name')\nObject(chai__WEBPACK_IMPORTED_MODULE_0__[\"expect\"])(title2.text()).to.equal('Expense Category')\nObject(chai__WEBPACK_IMPORTED_MODULE_0__[\"expect\"])(title3.text()).to.equal('Expense Amount')",
            "err": {},
            "isRoot": false,
            "uuid": "6aac56f4-3305-4238-a046-244feb6cf92d",
            "isHook": false,
            "skipped": false
          },
          {
            "title": "Category has 4 default options",
            "fullTitle": "IncExpForm.vue Category has 4 default options",
            "timedOut": false,
            "duration": 1,
            "state": "passed",
            "speed": "fast",
            "pass": true,
            "fail": false,
            "pending": false,
            "code": "const optionArray = wrapper.findAll('option')\nObject(chai__WEBPACK_IMPORTED_MODULE_0__[\"expect\"])(optionArray.at(0).text()).to.equal('Add...')\nObject(chai__WEBPACK_IMPORTED_MODULE_0__[\"expect\"])(optionArray.at(1).text()).to.equal('Expenses')\nObject(chai__WEBPACK_IMPORTED_MODULE_0__[\"expect\"])(optionArray.at(2).text()).to.equal('Transference')\nObject(chai__WEBPACK_IMPORTED_MODULE_0__[\"expect\"])(optionArray.at(3).text()).to.equal('Other')",
            "err": {},
            "isRoot": false,
            "uuid": "669ec8de-8530-40d8-bbce-48940fff08ea",
            "isHook": false,
            "skipped": false
          },
          {
            "title": "Deletes the Selected Category",
            "fullTitle": "IncExpForm.vue Deletes the Selected Category",
            "timedOut": false,
            "duration": 30,
            "state": "passed",
            "speed": "fast",
            "pass": true,
            "fail": false,
            "pending": false,
            "code": "const deleteButton = wrapper.find('#deleteButton')\nwrapper.vm.currentCategory = 'Transference'\ndeleteButton.trigger('click')\nconst optionArray = wrapper.findAll('option')\nObject(chai__WEBPACK_IMPORTED_MODULE_0__[\"expect\"])(optionArray.length).to.equal(3)",
            "err": {},
            "isRoot": false,
            "uuid": "20dd9eea-4069-4bc1-bfe0-9c5c72ce59e8",
            "isHook": false,
            "skipped": false
          }
        ],
        "suites": [],
        "passes": [
          "43363862-93fc-4b7d-afb2-1a1668a30952",
          "7fa5ccd1-d809-4db3-a7c3-204ba5935d1f",
          "acf187dd-9696-4ca2-9ecb-51cc117ab635",
          "6aac56f4-3305-4238-a046-244feb6cf92d",
          "669ec8de-8530-40d8-bbce-48940fff08ea",
          "20dd9eea-4069-4bc1-bfe0-9c5c72ce59e8"
        ],
        "failures": [],
        "pending": [],
        "skipped": [],
        "duration": 39,
        "root": false,
        "rootEmpty": false,
        "_timeout": 2000
      },
      {
        "uuid": "ebb7c08a-5a2d-4e3e-bcbf-5f9e3dc33896",
        "title": "Test store function",
        "fullFile": "C:\\Users\\Eunkyu\\Desktop\\Certi3\\CertiFinal\\dist\\main.js",
        "file": "\\dist\\main.js",
        "beforeHooks": [],
        "afterHooks": [],
        "tests": [
          {
            "title": "Add income to the Income Report",
            "fullTitle": "Test store function Add income to the Income Report",
            "timedOut": false,
            "duration": 3,
            "state": "passed",
            "speed": "fast",
            "pass": true,
            "fail": false,
            "pending": false,
            "code": "const initialLength = _store_js__WEBPACK_IMPORTED_MODULE_1__[\"state\"].INCOMES.length\nvar income = {\n  name: 'test name',\n  category: 'Salary',\n  amount: 15,\n  date: '10/11/2019',\n}\naddIncome(_store_js__WEBPACK_IMPORTED_MODULE_1__[\"state\"], income)\nObject(chai__WEBPACK_IMPORTED_MODULE_0__[\"expect\"])(_store_js__WEBPACK_IMPORTED_MODULE_1__[\"state\"].INCOMES.length).to.equal(initialLength + 1)",
            "err": {},
            "isRoot": false,
            "uuid": "d47d38ac-7d12-4792-b024-11a932b20aa8",
            "isHook": false,
            "skipped": false
          },
          {
            "title": "Test edit income function",
            "fullTitle": "Test store function Test edit income function",
            "timedOut": false,
            "duration": 6,
            "state": "passed",
            "speed": "fast",
            "pass": true,
            "fail": false,
            "pending": false,
            "code": "//eraseAllData()\nconst initialLength1 = _store_js__WEBPACK_IMPORTED_MODULE_1__[\"state\"].INCOMES.length\nvar income1 = {\n  name: 'another name',\n  category: 'Salary',\n  amount: 15,\n  date: '10/11/2019',\n}\nvar modifiedIncome = {\n  oldName: 'another name',\n  name: 'modified name',\n  category: 'Salary',\n  amount: 19,\n  date: '10/11/2019'\n}\naddIncome(_store_js__WEBPACK_IMPORTED_MODULE_1__[\"state\"], income1)\nObject(chai__WEBPACK_IMPORTED_MODULE_0__[\"expect\"])(_store_js__WEBPACK_IMPORTED_MODULE_1__[\"state\"].INCOMES.length).to.equal(initialLength1 + 1)\neditIncome(_store_js__WEBPACK_IMPORTED_MODULE_1__[\"state\"], modifiedIncome)\nObject(chai__WEBPACK_IMPORTED_MODULE_0__[\"expect\"])(_store_js__WEBPACK_IMPORTED_MODULE_1__[\"state\"].INCOMES.length).to.equal(initialLength1 + 1)",
            "err": {},
            "isRoot": false,
            "uuid": "995ab130-d1d8-434e-86ce-7f5df92eaa38",
            "isHook": false,
            "skipped": false
          },
          {
            "title": "Test delete income function",
            "fullTitle": "Test store function Test delete income function",
            "timedOut": false,
            "duration": 10,
            "state": "passed",
            "speed": "fast",
            "pass": true,
            "fail": false,
            "pending": false,
            "code": "const initLength = _store_js__WEBPACK_IMPORTED_MODULE_1__[\"state\"].INCOMES.length\nvar income2 = {\n  name: 'great name',\n  category: 'Other',\n  amount: 13,\n  date: '10/11/2019'\n}\naddIncome(_store_js__WEBPACK_IMPORTED_MODULE_1__[\"state\"], income2)\nObject(chai__WEBPACK_IMPORTED_MODULE_0__[\"expect\"])(_store_js__WEBPACK_IMPORTED_MODULE_1__[\"state\"].INCOMES.length).to.equal(initLength + 1)\ndeleteIncome(_store_js__WEBPACK_IMPORTED_MODULE_1__[\"state\"], income2)\nObject(chai__WEBPACK_IMPORTED_MODULE_0__[\"expect\"])(_store_js__WEBPACK_IMPORTED_MODULE_1__[\"state\"].INCOMES.length).to.equal(initLength)",
            "err": {},
            "isRoot": false,
            "uuid": "4bf12cbd-d5bc-43b6-8e7e-fb8a681da124",
            "isHook": false,
            "skipped": false
          }
        ],
        "suites": [],
        "passes": [
          "d47d38ac-7d12-4792-b024-11a932b20aa8",
          "995ab130-d1d8-434e-86ce-7f5df92eaa38",
          "4bf12cbd-d5bc-43b6-8e7e-fb8a681da124"
        ],
        "failures": [],
        "pending": [],
        "skipped": [],
        "duration": 19,
        "root": false,
        "rootEmpty": false,
        "_timeout": 2000
      },
      {
        "uuid": "5d2d39ab-1317-413c-b703-51afd0fb8e66",
        "title": "reportes.vue",
        "fullFile": "C:\\Users\\Eunkyu\\Desktop\\Certi3\\CertiFinal\\dist\\main.js",
        "file": "\\dist\\main.js",
        "beforeHooks": [
          {
            "title": "\"before each\" hook",
            "fullTitle": "reportes.vue \"before each\" hook",
            "timedOut": false,
            "duration": 15,
            "pass": false,
            "fail": false,
            "pending": false,
            "code": "store = _store_js__WEBPACK_IMPORTED_MODULE_3__[\"storeTest\"]       \nwrapper = Object(_vue_test_utils__WEBPACK_IMPORTED_MODULE_1__[\"shallowMount\"])(_views_reportes_vue__WEBPACK_IMPORTED_MODULE_2__[\"default\"], {store})",
            "err": {},
            "isRoot": false,
            "uuid": "e82a2a93-6a92-42b6-95b9-5afe4e9a0cc1",
            "isHook": true,
            "skipped": false
          }
        ],
        "afterHooks": [],
        "tests": [
          {
            "title": "buttons add, edit, delete in Ingresos",
            "fullTitle": "reportes.vue buttons add, edit, delete in Ingresos",
            "timedOut": false,
            "duration": 5,
            "state": "passed",
            "speed": "fast",
            "pass": true,
            "fail": false,
            "pending": false,
            "code": "const buttonArray = wrapper.findAll('b-button')\nconst firstButton = buttonArray.at(0)\nconst secondButton = buttonArray.at(1)\nconst thirdButton = buttonArray.at(2)\nObject(chai__WEBPACK_IMPORTED_MODULE_0__[\"expect\"])(buttonArray.length).to.equal(6)\nObject(chai__WEBPACK_IMPORTED_MODULE_0__[\"expect\"])(firstButton.text()).to.equal('Add')\nObject(chai__WEBPACK_IMPORTED_MODULE_0__[\"expect\"])(secondButton.text()).to.equal('Edit')\nObject(chai__WEBPACK_IMPORTED_MODULE_0__[\"expect\"])(thirdButton.text()).to.equal('Delete')",
            "err": {},
            "isRoot": false,
            "uuid": "dd110740-56af-4940-9fbe-d6c24548061a",
            "isHook": false,
            "skipped": false
          },
          {
            "title": "Table has 4 columns: name, category, amount, date",
            "fullTitle": "reportes.vue Table has 4 columns: name, category, amount, date",
            "timedOut": false,
            "duration": 0,
            "state": "passed",
            "speed": "fast",
            "pass": true,
            "fail": false,
            "pending": false,
            "code": "const fieldArray = wrapper.vm.fields\nconst firstColumn = fieldArray[0]\nconst secondColumn = fieldArray[1]\nconst thirdColumn = fieldArray[2]\nconst fourthColumn = fieldArray[3]\nObject(chai__WEBPACK_IMPORTED_MODULE_0__[\"expect\"])(fieldArray.length).to.equal(4)\nObject(chai__WEBPACK_IMPORTED_MODULE_0__[\"expect\"])(firstColumn).to.equal('name')\nObject(chai__WEBPACK_IMPORTED_MODULE_0__[\"expect\"])(secondColumn).to.equal('category')\nObject(chai__WEBPACK_IMPORTED_MODULE_0__[\"expect\"])(thirdColumn).to.equal('amount')\nObject(chai__WEBPACK_IMPORTED_MODULE_0__[\"expect\"])(fourthColumn).to.equal('date')",
            "err": {},
            "isRoot": false,
            "uuid": "76281a37-e9df-4089-907a-5876aa2141ff",
            "isHook": false,
            "skipped": false
          },
          {
            "title": "Ensure that there is no data",
            "fullTitle": "reportes.vue Ensure that there is no data",
            "timedOut": false,
            "duration": 3,
            "state": "failed",
            "pass": false,
            "fail": true,
            "pending": false,
            "code": "const itemArray = wrapper.vm.items\nObject(chai__WEBPACK_IMPORTED_MODULE_0__[\"expect\"])(itemArray.length).to.equal(0)",
            "err": {
              "message": "AssertionError: expected 3 to equal 0",
              "estack": "AssertionError: expected 3 to equal 0\n    at Context.test (dist\\webpack:\\tests\\unit\\reportes_test.spec.js:41:1)",
              "diff": "- 3\n+ 0\n"
            },
            "isRoot": false,
            "uuid": "1a32c9ff-be60-4ea1-826d-1300fbf167bc",
            "isHook": false,
            "skipped": false
          }
        ],
        "suites": [],
        "passes": [
          "dd110740-56af-4940-9fbe-d6c24548061a",
          "76281a37-e9df-4089-907a-5876aa2141ff"
        ],
        "failures": [
          "1a32c9ff-be60-4ea1-826d-1300fbf167bc"
        ],
        "pending": [],
        "skipped": [],
        "duration": 8,
        "root": false,
        "rootEmpty": false,
        "_timeout": 2000
      }
    ],
    "passes": [],
    "failures": [],
    "pending": [],
    "skipped": [],
    "duration": 0,
    "root": true,
    "rootEmpty": true,
    "_timeout": 2000
  },
  "copyrightYear": 2019
}