{
  "stats": {
    "suites": 5,
    "tests": 19,
    "passes": 17,
    "pending": 0,
    "failures": 2,
    "start": "2019-05-23T06:40:25.913Z",
    "end": "2019-05-23T06:40:26.861Z",
    "duration": 948,
    "testsRegistered": 19,
    "passPercent": 89.5,
    "pendingPercent": 0,
    "other": 0,
    "hasOther": false,
    "skipped": 0,
    "hasSkipped": false,
    "passPercentClass": "success",
    "pendingPercentClass": "danger"
  },
  "suites": {
    "uuid": "d3a2b542-62fe-48f8-b34f-9d31db410994",
    "title": "",
    "fullFile": "",
    "file": "",
    "beforeHooks": [],
    "afterHooks": [],
    "tests": [],
    "suites": [
      {
        "uuid": "553e86bb-51a3-4ed1-a010-64a942f52031",
        "title": "Account.vue",
        "fullFile": "C:\\Users\\Eunkyu\\Desktop\\Certi3\\CertiFinal\\dist\\main.js",
        "file": "\\dist\\main.js",
        "beforeHooks": [
          {
            "title": "\"before each\" hook",
            "fullTitle": "Account.vue \"before each\" hook",
            "timedOut": false,
            "duration": 10,
            "pass": false,
            "fail": false,
            "pending": false,
            "code": "store = _store_js__WEBPACK_IMPORTED_MODULE_3__[\"storeTest\"]   \nwrapper = Object(_vue_test_utils__WEBPACK_IMPORTED_MODULE_1__[\"shallowMount\"])(_components_Account_vue__WEBPACK_IMPORTED_MODULE_2__[\"default\"],{store})",
            "err": {},
            "isRoot": false,
            "uuid": "73ba71be-304f-42b9-b99f-997aac7afe5c",
            "isHook": true,
            "skipped": false
          }
        ],
        "afterHooks": [],
        "tests": [
          {
            "title": "Account has 3 buttons: add, edit, delete",
            "fullTitle": "Account.vue Account has 3 buttons: add, edit, delete",
            "timedOut": false,
            "duration": 11,
            "state": "passed",
            "speed": "fast",
            "pass": true,
            "fail": false,
            "pending": false,
            "code": "const buttonArray = wrapper.findAll('button')\nconst firstButton = buttonArray.at(1)\nconst secondButton = buttonArray.at(2)\nconst thirdButton = buttonArray.at(3)\nObject(chai__WEBPACK_IMPORTED_MODULE_0__[\"expect\"])(buttonArray.length).to.equal(4)\nObject(chai__WEBPACK_IMPORTED_MODULE_0__[\"expect\"])(firstButton.text()).to.equal('Add')\nObject(chai__WEBPACK_IMPORTED_MODULE_0__[\"expect\"])(secondButton.text()).to.equal('Edit')\nObject(chai__WEBPACK_IMPORTED_MODULE_0__[\"expect\"])(thirdButton.text()).to.equal('Delete')",
            "err": {},
            "isRoot": false,
            "uuid": "22b3e786-604b-4e37-abe4-62ac97d3eb44",
            "isHook": false,
            "skipped": false
          },
          {
            "title": "Table has 2 columns: name, description",
            "fullTitle": "Account.vue Table has 2 columns: name, description",
            "timedOut": false,
            "duration": 0,
            "state": "passed",
            "speed": "fast",
            "pass": true,
            "fail": false,
            "pending": false,
            "code": "const fieldArray = wrapper.vm.fields\nconst firstColumn = fieldArray[0]\nconst secondColumn = fieldArray[1]\nObject(chai__WEBPACK_IMPORTED_MODULE_0__[\"expect\"])(fieldArray.length).to.equal(2)\nObject(chai__WEBPACK_IMPORTED_MODULE_0__[\"expect\"])(firstColumn.value).to.equal('name')\nObject(chai__WEBPACK_IMPORTED_MODULE_0__[\"expect\"])(secondColumn.value).to.equal('description')",
            "err": {},
            "isRoot": false,
            "uuid": "19a7599b-f44f-4b1b-b32f-56e34b9c87e8",
            "isHook": false,
            "skipped": false
          },
          {
            "title": "At button click, at least 1 object exists in array",
            "fullTitle": "Account.vue At button click, at least 1 object exists in array",
            "timedOut": false,
            "duration": 5,
            "state": "passed",
            "speed": "fast",
            "pass": true,
            "fail": false,
            "pending": false,
            "code": "const initialLength = wrapper.vm.accountArray.length\nwrapper.find('button.add')\nwrapper.vm.add(object)\nObject(chai__WEBPACK_IMPORTED_MODULE_0__[\"expect\"])(wrapper.vm.accountArray.length).to.equal(initialLength + 1)",
            "err": {},
            "isRoot": false,
            "uuid": "219efd4a-f292-40f2-8404-6315988afc1f",
            "isHook": false,
            "skipped": false
          }
        ],
        "suites": [],
        "passes": [
          "22b3e786-604b-4e37-abe4-62ac97d3eb44",
          "19a7599b-f44f-4b1b-b32f-56e34b9c87e8",
          "219efd4a-f292-40f2-8404-6315988afc1f"
        ],
        "failures": [],
        "pending": [],
        "skipped": [],
        "duration": 16,
        "root": false,
        "rootEmpty": false,
        "_timeout": 2000
      },
      {
        "uuid": "7fc78e79-b69b-4b1f-b1b0-3a8f451c2329",
        "title": "mutations",
        "fullFile": "C:\\Users\\Eunkyu\\Desktop\\Certi3\\CertiFinal\\dist\\main.js",
        "file": "\\dist\\main.js",
        "beforeHooks": [],
        "afterHooks": [],
        "tests": [
          {
            "title": "Mutations are Testable",
            "fullTitle": "mutations Mutations are Testable",
            "timedOut": false,
            "duration": 0,
            "state": "passed",
            "speed": "fast",
            "pass": true,
            "fail": false,
            "pending": false,
            "code": "increment()\nObject(chai__WEBPACK_IMPORTED_MODULE_0__[\"expect\"])(_store_js__WEBPACK_IMPORTED_MODULE_1__[\"state\"].count).to.equal(1)",
            "err": {},
            "isRoot": false,
            "uuid": "ec4c0cfb-d65b-49d1-85b7-89742095195c",
            "isHook": false,
            "skipped": false
          },
          {
            "title": "add INCOME ",
            "fullTitle": "mutations add INCOME ",
            "timedOut": false,
            "duration": 135,
            "state": "passed",
            "speed": "slow",
            "pass": true,
            "fail": false,
            "pending": false,
            "code": "const income = { name: 'income', amount: '10' }\nchai__WEBPACK_IMPORTED_MODULE_0__[\"assert\"].isEmpty(_store_js__WEBPACK_IMPORTED_MODULE_1__[\"state\"].INCOMES, 'Array de Incomes vacio')\naddIncome(_store_js__WEBPACK_IMPORTED_MODULE_1__[\"state\"], income)\nchai__WEBPACK_IMPORTED_MODULE_0__[\"assert\"].isNotEmpty(_store_js__WEBPACK_IMPORTED_MODULE_1__[\"state\"].INCOMES, 'Array de Incomes vacio')",
            "err": {},
            "isRoot": false,
            "uuid": "5f31df9d-0954-44c6-9d85-3726e083fd1f",
            "isHook": false,
            "skipped": false
          },
          {
            "title": "Local Storage Data Saving",
            "fullTitle": "mutations Local Storage Data Saving",
            "timedOut": false,
            "duration": 118,
            "state": "passed",
            "speed": "slow",
            "pass": true,
            "fail": false,
            "pending": false,
            "code": "const income = { name: 'income', amount: '10' }\naddIncome(_store_js__WEBPACK_IMPORTED_MODULE_1__[\"state\"], income)\nObject(chai__WEBPACK_IMPORTED_MODULE_0__[\"expect\"])(window.localStorage.length).to.equal(0)\nsaveAllData()\nObject(chai__WEBPACK_IMPORTED_MODULE_0__[\"expect\"])(window.localStorage.length).to.equal(1)",
            "err": {},
            "isRoot": false,
            "uuid": "2a45652a-0af1-4846-80f5-117786613ccd",
            "isHook": false,
            "skipped": false
          },
          {
            "title": "Local Storage Data clearing",
            "fullTitle": "mutations Local Storage Data clearing",
            "timedOut": false,
            "duration": 92,
            "state": "passed",
            "speed": "slow",
            "pass": true,
            "fail": false,
            "pending": false,
            "code": "const income = { name: 'income', amount: '10' }\naddIncome(_store_js__WEBPACK_IMPORTED_MODULE_1__[\"state\"], income)\nsaveAllData()\nObject(chai__WEBPACK_IMPORTED_MODULE_0__[\"expect\"])(window.localStorage.length).to.equal(1)\neraseAllData()\nObject(chai__WEBPACK_IMPORTED_MODULE_0__[\"expect\"])(window.localStorage.length).to.equal(0)",
            "err": {},
            "isRoot": false,
            "uuid": "f79bc89e-d55d-4e1f-9dfb-0bbd9b736e8e",
            "isHook": false,
            "skipped": false
          }
        ],
        "suites": [],
        "passes": [
          "ec4c0cfb-d65b-49d1-85b7-89742095195c",
          "5f31df9d-0954-44c6-9d85-3726e083fd1f",
          "2a45652a-0af1-4846-80f5-117786613ccd",
          "f79bc89e-d55d-4e1f-9dfb-0bbd9b736e8e"
        ],
        "failures": [],
        "pending": [],
        "skipped": [],
        "duration": 345,
        "root": false,
        "rootEmpty": false,
        "_timeout": 2000
      },
      {
        "uuid": "3c753738-f342-47b8-9bee-f415b084c1b1",
        "title": "IncExpForm.vue",
        "fullFile": "C:\\Users\\Eunkyu\\Desktop\\Certi3\\CertiFinal\\dist\\main.js",
        "file": "\\dist\\main.js",
        "beforeHooks": [
          {
            "title": "\"before each\" hook",
            "fullTitle": "IncExpForm.vue \"before each\" hook",
            "timedOut": false,
            "duration": 5,
            "pass": false,
            "fail": false,
            "pending": false,
            "code": "store = _store_js__WEBPACK_IMPORTED_MODULE_3__[\"storeTest\"]       \nwrapper = Object(_vue_test_utils__WEBPACK_IMPORTED_MODULE_1__[\"shallowMount\"])(_components_IncExpForm_vue__WEBPACK_IMPORTED_MODULE_2__[\"default\"], {store, propsData: { formType } })",
            "err": {},
            "isRoot": false,
            "uuid": "b7fa285f-0cc0-4197-90dc-5cde965a627e",
            "isHook": true,
            "skipped": false
          }
        ],
        "afterHooks": [],
        "tests": [
          {
            "title": "renders Name input",
            "fullTitle": "IncExpForm.vue renders Name input",
            "timedOut": false,
            "duration": 1,
            "state": "passed",
            "speed": "fast",
            "pass": true,
            "fail": false,
            "pending": false,
            "code": "Object(chai__WEBPACK_IMPORTED_MODULE_0__[\"expect\"])(wrapper.find('#Name').exists())",
            "err": {},
            "isRoot": false,
            "uuid": "56f7423f-ceee-44f5-8a7f-e1c7bb222465",
            "isHook": false,
            "skipped": false
          },
          {
            "title": "renders Category label",
            "fullTitle": "IncExpForm.vue renders Category label",
            "timedOut": false,
            "duration": 1,
            "state": "passed",
            "speed": "fast",
            "pass": true,
            "fail": false,
            "pending": false,
            "code": "Object(chai__WEBPACK_IMPORTED_MODULE_0__[\"expect\"])(wrapper.find('#LblCategory').exists())",
            "err": {},
            "isRoot": false,
            "uuid": "e9e774fb-e46c-4737-b5be-c644be49d74d",
            "isHook": false,
            "skipped": false
          },
          {
            "title": "renders Amount input",
            "fullTitle": "IncExpForm.vue renders Amount input",
            "timedOut": false,
            "duration": 1,
            "state": "passed",
            "speed": "fast",
            "pass": true,
            "fail": false,
            "pending": false,
            "code": "Object(chai__WEBPACK_IMPORTED_MODULE_0__[\"expect\"])(wrapper.find('#Amount').exists())",
            "err": {},
            "isRoot": false,
            "uuid": "920640e1-8593-461e-a44a-b16aadd9296f",
            "isHook": false,
            "skipped": false
          },
          {
            "title": "renders expense in the titles when the formType is expense",
            "fullTitle": "IncExpForm.vue renders expense in the titles when the formType is expense",
            "timedOut": false,
            "duration": 2,
            "state": "passed",
            "speed": "fast",
            "pass": true,
            "fail": false,
            "pending": false,
            "code": "const title1 = wrapper.find('#lblName')\nconst title2 = wrapper.find('#lblCategory')\nconst title3 = wrapper.find('#lblAmount')\nObject(chai__WEBPACK_IMPORTED_MODULE_0__[\"expect\"])(title1.text()).to.equal('Expense Name')\nObject(chai__WEBPACK_IMPORTED_MODULE_0__[\"expect\"])(title2.text()).to.equal('Expense Category')\nObject(chai__WEBPACK_IMPORTED_MODULE_0__[\"expect\"])(title3.text()).to.equal('Expense Amount')",
            "err": {},
            "isRoot": false,
            "uuid": "90ffe5c1-ef21-43b8-87d2-6bd7e11411a0",
            "isHook": false,
            "skipped": false
          },
          {
            "title": "Category has 4 default options",
            "fullTitle": "IncExpForm.vue Category has 4 default options",
            "timedOut": false,
            "duration": 0,
            "state": "passed",
            "speed": "fast",
            "pass": true,
            "fail": false,
            "pending": false,
            "code": "const optionArray = wrapper.findAll('option')\nObject(chai__WEBPACK_IMPORTED_MODULE_0__[\"expect\"])(optionArray.at(0).text()).to.equal('Add...')\nObject(chai__WEBPACK_IMPORTED_MODULE_0__[\"expect\"])(optionArray.at(1).text()).to.equal('Expenses')\nObject(chai__WEBPACK_IMPORTED_MODULE_0__[\"expect\"])(optionArray.at(2).text()).to.equal('Transference')\nObject(chai__WEBPACK_IMPORTED_MODULE_0__[\"expect\"])(optionArray.at(3).text()).to.equal('Other')",
            "err": {},
            "isRoot": false,
            "uuid": "be163f62-0cdd-48ac-bca0-236bdeb9fc81",
            "isHook": false,
            "skipped": false
          },
          {
            "title": "Deletes the Selected Category",
            "fullTitle": "IncExpForm.vue Deletes the Selected Category",
            "timedOut": false,
            "duration": 19,
            "state": "passed",
            "speed": "fast",
            "pass": true,
            "fail": false,
            "pending": false,
            "code": "const deleteButton = wrapper.find('#deleteButton')\nwrapper.vm.currentCategory = 'Transference'\ndeleteButton.trigger('click')\nconst optionArray = wrapper.findAll('option')\nObject(chai__WEBPACK_IMPORTED_MODULE_0__[\"expect\"])(optionArray.length).to.equal(3)",
            "err": {},
            "isRoot": false,
            "uuid": "ccc4a0d7-48fe-4d4c-a28f-196cf58f3e47",
            "isHook": false,
            "skipped": false
          }
        ],
        "suites": [],
        "passes": [
          "56f7423f-ceee-44f5-8a7f-e1c7bb222465",
          "e9e774fb-e46c-4737-b5be-c644be49d74d",
          "920640e1-8593-461e-a44a-b16aadd9296f",
          "90ffe5c1-ef21-43b8-87d2-6bd7e11411a0",
          "be163f62-0cdd-48ac-bca0-236bdeb9fc81",
          "ccc4a0d7-48fe-4d4c-a28f-196cf58f3e47"
        ],
        "failures": [],
        "pending": [],
        "skipped": [],
        "duration": 24,
        "root": false,
        "rootEmpty": false,
        "_timeout": 2000
      },
      {
        "uuid": "b6b9d0b8-950d-4893-8bb8-d2739d90a514",
        "title": "Test store function",
        "fullFile": "C:\\Users\\Eunkyu\\Desktop\\Certi3\\CertiFinal\\dist\\main.js",
        "file": "\\dist\\main.js",
        "beforeHooks": [],
        "afterHooks": [],
        "tests": [
          {
            "title": "Add income to the Income Report",
            "fullTitle": "Test store function Add income to the Income Report",
            "timedOut": false,
            "duration": 101,
            "state": "passed",
            "speed": "slow",
            "pass": true,
            "fail": false,
            "pending": false,
            "code": "const initialLength = _store_js__WEBPACK_IMPORTED_MODULE_1__[\"state\"].INCOMES.length\nvar income = {\n  name: 'test name',\n  category: 'Salary',\n  amount: 15,\n  date: '10/11/2019',\n}\naddIncome(_store_js__WEBPACK_IMPORTED_MODULE_1__[\"state\"], income)\nObject(chai__WEBPACK_IMPORTED_MODULE_0__[\"expect\"])(_store_js__WEBPACK_IMPORTED_MODULE_1__[\"state\"].INCOMES.length).to.equal(initialLength + 1)",
            "err": {},
            "isRoot": false,
            "uuid": "9cc583a3-be2f-4fca-b779-fd3903b4d8b4",
            "isHook": false,
            "skipped": false
          },
          {
            "title": "Test edit income function",
            "fullTitle": "Test store function Test edit income function",
            "timedOut": false,
            "duration": 91,
            "state": "passed",
            "speed": "slow",
            "pass": true,
            "fail": false,
            "pending": false,
            "code": "//eraseAllData()\nconst initialLength1 = _store_js__WEBPACK_IMPORTED_MODULE_1__[\"state\"].INCOMES.length\nvar income1 = {\n  name: 'another name',\n  category: 'Salary',\n  amount: 15,\n  date: '10/11/2019',\n}\nvar modifiedIncome = {\n  oldName: 'another name',\n  name: 'modified name',\n  category: 'Salary',\n  amount: 19,\n  date: '10/11/2019'\n}\naddIncome(_store_js__WEBPACK_IMPORTED_MODULE_1__[\"state\"], income1)\nObject(chai__WEBPACK_IMPORTED_MODULE_0__[\"expect\"])(_store_js__WEBPACK_IMPORTED_MODULE_1__[\"state\"].INCOMES.length).to.equal(initialLength1 + 1)\neditIncome(_store_js__WEBPACK_IMPORTED_MODULE_1__[\"state\"], modifiedIncome)\nObject(chai__WEBPACK_IMPORTED_MODULE_0__[\"expect\"])(_store_js__WEBPACK_IMPORTED_MODULE_1__[\"state\"].INCOMES.length).to.equal(initialLength1 + 1)",
            "err": {},
            "isRoot": false,
            "uuid": "737d756c-4e70-4508-8ada-117458134314",
            "isHook": false,
            "skipped": false
          },
          {
            "title": "Test delete income function",
            "fullTitle": "Test store function Test delete income function",
            "timedOut": false,
            "duration": 1,
            "state": "failed",
            "pass": false,
            "fail": true,
            "pending": false,
            "code": "eraseAllData()\nObject(chai__WEBPACK_IMPORTED_MODULE_0__[\"expect\"])(_store_js__WEBPACK_IMPORTED_MODULE_1__[\"state\"].INCOMES.length).to.equal(0);",
            "err": {
              "message": "AssertionError: expected 3 to equal 0",
              "estack": "AssertionError: expected 3 to equal 0\n    at Context.test (dist\\webpack:\\tests\\unit\\RegistroDeIngresos.spec.js:46:1)",
              "diff": "- 3\n+ 0\n"
            },
            "isRoot": false,
            "uuid": "f1577fea-56f5-4203-8a77-3e0f9675957d",
            "isHook": false,
            "skipped": false
          }
        ],
        "suites": [],
        "passes": [
          "9cc583a3-be2f-4fca-b779-fd3903b4d8b4",
          "737d756c-4e70-4508-8ada-117458134314"
        ],
        "failures": [
          "f1577fea-56f5-4203-8a77-3e0f9675957d"
        ],
        "pending": [],
        "skipped": [],
        "duration": 193,
        "root": false,
        "rootEmpty": false,
        "_timeout": 2000
      },
      {
        "uuid": "dc50e9e7-ebb3-45b5-a90a-c58cea0a98e7",
        "title": "reportes.vue",
        "fullFile": "C:\\Users\\Eunkyu\\Desktop\\Certi3\\CertiFinal\\dist\\main.js",
        "file": "\\dist\\main.js",
        "beforeHooks": [
          {
            "title": "\"before each\" hook",
            "fullTitle": "reportes.vue \"before each\" hook",
            "timedOut": false,
            "duration": 7,
            "pass": false,
            "fail": false,
            "pending": false,
            "code": "store = _store_js__WEBPACK_IMPORTED_MODULE_3__[\"storeTest\"]       \nwrapper = Object(_vue_test_utils__WEBPACK_IMPORTED_MODULE_1__[\"shallowMount\"])(_views_reportes_vue__WEBPACK_IMPORTED_MODULE_2__[\"default\"], {store})",
            "err": {},
            "isRoot": false,
            "uuid": "cb5b8604-3cfc-4af5-b09f-4c58c2b883a8",
            "isHook": true,
            "skipped": false
          }
        ],
        "afterHooks": [],
        "tests": [
          {
            "title": "buttons add, edit, delete in Ingresos",
            "fullTitle": "reportes.vue buttons add, edit, delete in Ingresos",
            "timedOut": false,
            "duration": 1,
            "state": "passed",
            "speed": "fast",
            "pass": true,
            "fail": false,
            "pending": false,
            "code": "const buttonArray = wrapper.findAll('b-button')\nconst firstButton = buttonArray.at(0)\nconst secondButton = buttonArray.at(1)\nconst thirdButton = buttonArray.at(2)\nObject(chai__WEBPACK_IMPORTED_MODULE_0__[\"expect\"])(buttonArray.length).to.equal(6)\nObject(chai__WEBPACK_IMPORTED_MODULE_0__[\"expect\"])(firstButton.text()).to.equal('Add')\nObject(chai__WEBPACK_IMPORTED_MODULE_0__[\"expect\"])(secondButton.text()).to.equal('Edit')\nObject(chai__WEBPACK_IMPORTED_MODULE_0__[\"expect\"])(thirdButton.text()).to.equal('Delete')",
            "err": {},
            "isRoot": false,
            "uuid": "33f5854c-b6bf-45a9-b68e-f3e71bfffe46",
            "isHook": false,
            "skipped": false
          },
          {
            "title": "Table has 4 columns: name, category, amount, date",
            "fullTitle": "reportes.vue Table has 4 columns: name, category, amount, date",
            "timedOut": false,
            "duration": 0,
            "state": "passed",
            "speed": "fast",
            "pass": true,
            "fail": false,
            "pending": false,
            "code": "const fieldArray = wrapper.vm.fields\nconst firstColumn = fieldArray[0]\nconst secondColumn = fieldArray[1]\nconst thirdColumn = fieldArray[2]\nconst fourthColumn = fieldArray[3]\nObject(chai__WEBPACK_IMPORTED_MODULE_0__[\"expect\"])(fieldArray.length).to.equal(4)\nObject(chai__WEBPACK_IMPORTED_MODULE_0__[\"expect\"])(firstColumn).to.equal('name')\nObject(chai__WEBPACK_IMPORTED_MODULE_0__[\"expect\"])(secondColumn).to.equal('category')\nObject(chai__WEBPACK_IMPORTED_MODULE_0__[\"expect\"])(thirdColumn).to.equal('amount')\nObject(chai__WEBPACK_IMPORTED_MODULE_0__[\"expect\"])(fourthColumn).to.equal('date')",
            "err": {},
            "isRoot": false,
            "uuid": "475693ca-0133-42c2-adae-ca01ca666a25",
            "isHook": false,
            "skipped": false
          },
          {
            "title": "Ensure that there is no data",
            "fullTitle": "reportes.vue Ensure that there is no data",
            "timedOut": false,
            "duration": 0,
            "state": "failed",
            "pass": false,
            "fail": true,
            "pending": false,
            "code": "const itemArray = wrapper.vm.items\nObject(chai__WEBPACK_IMPORTED_MODULE_0__[\"expect\"])(itemArray.length).to.equal(0)",
            "err": {
              "message": "AssertionError: expected 3 to equal 0",
              "estack": "AssertionError: expected 3 to equal 0\n    at Context.test (dist\\webpack:\\tests\\unit\\reportes_test.spec.js:41:1)",
              "diff": "- 3\n+ 0\n"
            },
            "isRoot": false,
            "uuid": "12ffea44-e931-4d7c-9a3a-a81d9efca996",
            "isHook": false,
            "skipped": false
          }
        ],
        "suites": [],
        "passes": [
          "33f5854c-b6bf-45a9-b68e-f3e71bfffe46",
          "475693ca-0133-42c2-adae-ca01ca666a25"
        ],
        "failures": [
          "12ffea44-e931-4d7c-9a3a-a81d9efca996"
        ],
        "pending": [],
        "skipped": [],
        "duration": 1,
        "root": false,
        "rootEmpty": false,
        "_timeout": 2000
      }
    ],
    "passes": [],
    "failures": [],
    "pending": [],
    "skipped": [],
    "duration": 0,
    "root": true,
    "rootEmpty": true,
    "_timeout": 2000
  },
  "copyrightYear": 2019
}