{
  "stats": {
    "suites": 9,
    "tests": 37,
    "passes": 35,
    "pending": 0,
    "failures": 2,
    "start": "2019-05-23T16:56:20.151Z",
    "end": "2019-05-23T16:56:21.417Z",
    "duration": 1266,
    "testsRegistered": 37,
    "passPercent": 94.6,
    "pendingPercent": 0,
    "other": 0,
    "hasOther": false,
    "skipped": 0,
    "hasSkipped": false,
    "passPercentClass": "success",
    "pendingPercentClass": "danger"
  },
  "suites": {
    "uuid": "9656dd7c-5e2c-415a-a2d7-8fa0d68a133f",
    "title": "",
    "fullFile": "",
    "file": "",
    "beforeHooks": [],
    "afterHooks": [],
    "tests": [],
    "suites": [
      {
        "uuid": "8ecded9e-c856-40e5-9e61-818b8ee9e149",
        "title": "Account.vue",
        "fullFile": "C:\\Users\\joaquin\\Desktop\\CertiFinal\\dist\\main.js",
        "file": "\\dist\\main.js",
        "beforeHooks": [
          {
            "title": "\"before each\" hook",
            "fullTitle": "Account.vue \"before each\" hook",
            "timedOut": false,
            "duration": 0,
            "pass": false,
            "fail": false,
            "pending": false,
            "code": "store = _store_js__WEBPACK_IMPORTED_MODULE_3__[\"storeTest\"]   \nwrapper = Object(_vue_test_utils__WEBPACK_IMPORTED_MODULE_1__[\"shallowMount\"])(_components_Account_vue__WEBPACK_IMPORTED_MODULE_2__[\"default\"],{store})",
            "err": {},
            "isRoot": false,
            "uuid": "5532d201-6f7d-4d71-bba8-9560348ce708",
            "isHook": true,
            "skipped": false
          }
        ],
        "afterHooks": [],
        "tests": [
          {
            "title": "Account has 3 buttons: add, edit, delete",
            "fullTitle": "Account.vue Account has 3 buttons: add, edit, delete",
            "timedOut": false,
            "duration": 0,
            "state": "passed",
            "speed": "fast",
            "pass": true,
            "fail": false,
            "pending": false,
            "code": "const buttonArray = wrapper.findAll('button')\nconst firstButton = buttonArray.at(1)\nconst secondButton = buttonArray.at(2)\nconst thirdButton = buttonArray.at(3)\nObject(chai__WEBPACK_IMPORTED_MODULE_0__[\"expect\"])(buttonArray.length).to.equal(4)\nObject(chai__WEBPACK_IMPORTED_MODULE_0__[\"expect\"])(firstButton.text()).to.equal('Add')\nObject(chai__WEBPACK_IMPORTED_MODULE_0__[\"expect\"])(secondButton.text()).to.equal('Edit')\nObject(chai__WEBPACK_IMPORTED_MODULE_0__[\"expect\"])(thirdButton.text()).to.equal('Delete')",
            "err": {},
            "isRoot": false,
            "uuid": "db25cd12-6b1e-458e-a776-c5936efe5a60",
            "isHook": false,
            "skipped": false
          },
          {
            "title": "Table has 2 columns: name, description",
            "fullTitle": "Account.vue Table has 2 columns: name, description",
            "timedOut": false,
            "duration": 0,
            "state": "passed",
            "speed": "fast",
            "pass": true,
            "fail": false,
            "pending": false,
            "code": "const fieldArray = wrapper.vm.fields\nconst firstColumn = fieldArray[0]\nconst secondColumn = fieldArray[1]\nObject(chai__WEBPACK_IMPORTED_MODULE_0__[\"expect\"])(fieldArray.length).to.equal(2)\nObject(chai__WEBPACK_IMPORTED_MODULE_0__[\"expect\"])(firstColumn.value).to.equal('name')\nObject(chai__WEBPACK_IMPORTED_MODULE_0__[\"expect\"])(secondColumn.value).to.equal('description')",
            "err": {},
            "isRoot": false,
            "uuid": "25135605-3e84-4629-b2ee-1019cec18b40",
            "isHook": false,
            "skipped": false
          },
          {
            "title": "At button click, at least 1 object exists in array",
            "fullTitle": "Account.vue At button click, at least 1 object exists in array",
            "timedOut": false,
            "duration": 15,
            "state": "passed",
            "speed": "fast",
            "pass": true,
            "fail": false,
            "pending": false,
            "code": "const initialLength = wrapper.vm.accountArray.length\nwrapper.find('button.add')\nwrapper.vm.add(object)\nObject(chai__WEBPACK_IMPORTED_MODULE_0__[\"expect\"])(wrapper.vm.accountArray.length).to.equal(initialLength + 1)",
            "err": {},
            "isRoot": false,
            "uuid": "413ca879-3106-4874-95c9-fad69fc978b6",
            "isHook": false,
            "skipped": false
          }
        ],
        "suites": [],
        "passes": [
          "db25cd12-6b1e-458e-a776-c5936efe5a60",
          "25135605-3e84-4629-b2ee-1019cec18b40",
          "413ca879-3106-4874-95c9-fad69fc978b6"
        ],
        "failures": [],
        "pending": [],
        "skipped": [],
        "duration": 15,
        "root": false,
        "rootEmpty": false,
        "_timeout": 2000
      },
      {
        "uuid": "54a33cc2-13a8-4cae-978d-83e98a9dbab5",
        "title": "Cuenta Global",
        "fullFile": "C:\\Users\\joaquin\\Desktop\\CertiFinal\\dist\\main.js",
        "file": "\\dist\\main.js",
        "beforeHooks": [
          {
            "title": "\"before each\" hook",
            "fullTitle": "Cuenta Global \"before each\" hook",
            "timedOut": false,
            "duration": 16,
            "pass": false,
            "fail": false,
            "pending": false,
            "code": "store = new vuex__WEBPACK_IMPORTED_MODULE_4__[\"default\"].Store({\n    state,\n    mutations: _store_js__WEBPACK_IMPORTED_MODULE_2__[\"mutations\"],\n    actions: _store_js__WEBPACK_IMPORTED_MODULE_2__[\"actions\"]\n})\n      wrapper = Object(_vue_test_utils__WEBPACK_IMPORTED_MODULE_1__[\"shallowMount\"])(_views_GeneralAccount_vue__WEBPACK_IMPORTED_MODULE_3__[\"default\"], {store})",
            "err": {},
            "isRoot": false,
            "uuid": "99a66605-3d1c-4b94-8490-3be9d5a2749d",
            "isHook": true,
            "skipped": false
          }
        ],
        "afterHooks": [],
        "tests": [
          {
            "title": "Income Filter Working",
            "fullTitle": "Cuenta Global Income Filter Working",
            "timedOut": false,
            "duration": 156,
            "state": "passed",
            "speed": "slow",
            "pass": true,
            "fail": false,
            "pending": false,
            "code": "var incomeCategoryDisplay = wrapper.find('#incomeFilter');\n    var expenseCategoryDisplay = wrapper.find('#expenseFilter');\n    var dateDisplay = wrapper.find('#dateFilter');\n    \n    dateDisplay.setValue('');\n    expenseCategoryDisplay.setValue('None');\n    incomeCategoryDisplay.setValue('All');\n    Object(chai__WEBPACK_IMPORTED_MODULE_0__[\"expect\"])(wrapper.vm.items.length).to.equal(2);",
            "err": {},
            "isRoot": false,
            "uuid": "64d26bb3-fd08-4da5-a887-4b297ba201d8",
            "isHook": false,
            "skipped": false
          },
          {
            "title": "Expense Filter Working",
            "fullTitle": "Cuenta Global Expense Filter Working",
            "timedOut": false,
            "duration": 0,
            "state": "passed",
            "speed": "fast",
            "pass": true,
            "fail": false,
            "pending": false,
            "code": "var incomeCategoryDisplay = wrapper.find('#incomeFilter');\n    var expenseCategoryDisplay = wrapper.find('#expenseFilter');\n    var dateDisplay = wrapper.find('#dateFilter');\n    \n    dateDisplay.setValue('');\n    expenseCategoryDisplay.setValue('All');\n    incomeCategoryDisplay.setValue('None');\n    Object(chai__WEBPACK_IMPORTED_MODULE_0__[\"expect\"])(wrapper.vm.items.length).to.equal(2);",
            "err": {},
            "isRoot": false,
            "uuid": "6ca94cf7-945f-464e-9f9c-e0d7cccb05b6",
            "isHook": false,
            "skipped": false
          },
          {
            "title": "Income-Expense Filter Working together 1 ",
            "fullTitle": "Cuenta Global Income-Expense Filter Working together 1 ",
            "timedOut": false,
            "duration": 15,
            "state": "passed",
            "speed": "fast",
            "pass": true,
            "fail": false,
            "pending": false,
            "code": "var incomeCategoryDisplay = wrapper.find('#incomeFilter');\n    var expenseCategoryDisplay = wrapper.find('#expenseFilter');\n    var dateDisplay = wrapper.find('#dateFilter');\n    \n    dateDisplay.setValue('');\n    expenseCategoryDisplay.setValue('None');\n    incomeCategoryDisplay.setValue('None');\n    Object(chai__WEBPACK_IMPORTED_MODULE_0__[\"expect\"])(wrapper.vm.items.length).to.equal(0);",
            "err": {},
            "isRoot": false,
            "uuid": "124585ef-63a3-4e4c-8267-9ae1fe9bfdbe",
            "isHook": false,
            "skipped": false
          },
          {
            "title": "Income-Expense Filter Working together 2 ",
            "fullTitle": "Cuenta Global Income-Expense Filter Working together 2 ",
            "timedOut": false,
            "duration": 0,
            "state": "passed",
            "speed": "fast",
            "pass": true,
            "fail": false,
            "pending": false,
            "code": "var incomeCategoryDisplay = wrapper.find('#incomeFilter');\n    var expenseCategoryDisplay = wrapper.find('#expenseFilter');\n    var dateDisplay = wrapper.find('#dateFilter');\n    \n    dateDisplay.setValue('');\n    expenseCategoryDisplay.setValue('All');\n    incomeCategoryDisplay.setValue('All');\n    Object(chai__WEBPACK_IMPORTED_MODULE_0__[\"expect\"])(wrapper.vm.items.length).to.equal(4);",
            "err": {},
            "isRoot": false,
            "uuid": "9b3172b8-e1fd-4776-b0ca-be04222a9480",
            "isHook": false,
            "skipped": false
          },
          {
            "title": "Date Filter Working",
            "fullTitle": "Cuenta Global Date Filter Working",
            "timedOut": false,
            "duration": 0,
            "state": "passed",
            "speed": "fast",
            "pass": true,
            "fail": false,
            "pending": false,
            "code": "var incomeCategoryDisplay = wrapper.find('#incomeFilter');\n    var expenseCategoryDisplay = wrapper.find('#expenseFilter');\n    var dateDisplay = wrapper.find('#dateFilter');\n    \n    dateDisplay.setValue('25/05/2019');\n    expenseCategoryDisplay.setValue('All');\n    incomeCategoryDisplay.setValue('All');\n    Object(chai__WEBPACK_IMPORTED_MODULE_0__[\"expect\"])(wrapper.vm.items.length).to.equal(4);",
            "err": {},
            "isRoot": false,
            "uuid": "ec255549-b783-41b8-b0fa-b593df2fbe41",
            "isHook": false,
            "skipped": false
          }
        ],
        "suites": [],
        "passes": [
          "64d26bb3-fd08-4da5-a887-4b297ba201d8",
          "6ca94cf7-945f-464e-9f9c-e0d7cccb05b6",
          "124585ef-63a3-4e4c-8267-9ae1fe9bfdbe",
          "9b3172b8-e1fd-4776-b0ca-be04222a9480",
          "ec255549-b783-41b8-b0fa-b593df2fbe41"
        ],
        "failures": [],
        "pending": [],
        "skipped": [],
        "duration": 171,
        "root": false,
        "rootEmpty": false,
        "_timeout": 2000
      },
      {
        "uuid": "f4abd4ef-ff4e-4656-a22e-bcaa289f3577",
        "title": "Account.vue",
        "fullFile": "C:\\Users\\joaquin\\Desktop\\CertiFinal\\dist\\main.js",
        "file": "\\dist\\main.js",
        "beforeHooks": [
          {
            "title": "\"before each\" hook",
            "fullTitle": "Account.vue \"before each\" hook",
            "timedOut": false,
            "duration": 0,
            "pass": false,
            "fail": false,
            "pending": false,
            "code": "store = _store_js__WEBPACK_IMPORTED_MODULE_3__[\"storeTest\"]   \nwrapper = Object(_vue_test_utils__WEBPACK_IMPORTED_MODULE_1__[\"shallowMount\"])(_components_Account_vue__WEBPACK_IMPORTED_MODULE_2__[\"default\"],{store})",
            "err": {},
            "isRoot": false,
            "uuid": "9e9a4daa-6e1f-4bbd-b238-e90274bd61b0",
            "isHook": true,
            "skipped": false
          }
        ],
        "afterHooks": [],
        "tests": [
          {
            "title": "Create Simple Personal Account",
            "fullTitle": "Account.vue Create Simple Personal Account",
            "timedOut": false,
            "duration": 0,
            "state": "passed",
            "speed": "fast",
            "pass": true,
            "fail": false,
            "pending": false,
            "code": "Object(chai__WEBPACK_IMPORTED_MODULE_0__[\"expect\"])(wrapper.vm.accountArray.length).to.equal(0);\nconst nameField = wrapper.find('#name');\nconst descriptionField = wrapper.find('#description');\nconst addButton = wrapper.find('#buttonAdd');\nnameField.setValue('Cuenta1');\ndescriptionField.setValue('Description');\naddButton.trigger('click');\nObject(chai__WEBPACK_IMPORTED_MODULE_0__[\"expect\"])(wrapper.vm.accountArray.length).to.equal(1);",
            "err": {},
            "isRoot": false,
            "uuid": "d2ef53f6-9ec7-478b-a349-5c5ece21770f",
            "isHook": false,
            "skipped": false
          },
          {
            "title": "Create Multiple Personal Account",
            "fullTitle": "Account.vue Create Multiple Personal Account",
            "timedOut": false,
            "duration": 172,
            "state": "passed",
            "speed": "slow",
            "pass": true,
            "fail": false,
            "pending": false,
            "code": "Object(chai__WEBPACK_IMPORTED_MODULE_0__[\"expect\"])(wrapper.vm.accountArray.length).to.equal(0);\nconst nameField = wrapper.find('#name');\nconst descriptionField = wrapper.find('#description');\nconst addButton = wrapper.find('#buttonAdd');\nnameField.setValue('Cuenta1');\ndescriptionField.setValue('Description1');\naddButton.trigger('click');\nnameField.setValue('Cuenta2');\ndescriptionField.setValue('Description2');\naddButton.trigger('click');\nnameField.setValue('Cuenta3');\ndescriptionField.setValue('Description3');\naddButton.trigger('click');\nObject(chai__WEBPACK_IMPORTED_MODULE_0__[\"expect\"])(wrapper.vm.accountArray.length).to.equal(3);",
            "err": {},
            "isRoot": false,
            "uuid": "e47aed5b-f2a0-4140-b479-c615993c14e6",
            "isHook": false,
            "skipped": false
          }
        ],
        "suites": [],
        "passes": [
          "d2ef53f6-9ec7-478b-a349-5c5ece21770f",
          "e47aed5b-f2a0-4140-b479-c615993c14e6"
        ],
        "failures": [],
        "pending": [],
        "skipped": [],
        "duration": 172,
        "root": false,
        "rootEmpty": false,
        "_timeout": 2000
      },
      {
        "uuid": "97a0866d-14c1-4268-907e-3d6cb610ecf5",
        "title": "Store.js",
        "fullFile": "C:\\Users\\joaquin\\Desktop\\CertiFinal\\dist\\main.js",
        "file": "\\dist\\main.js",
        "beforeHooks": [],
        "afterHooks": [],
        "tests": [
          {
            "title": "Mutations are Testable",
            "fullTitle": "Store.js Mutations are Testable",
            "timedOut": false,
            "duration": 0,
            "state": "passed",
            "speed": "fast",
            "pass": true,
            "fail": false,
            "pending": false,
            "code": "increment()\nObject(chai__WEBPACK_IMPORTED_MODULE_0__[\"expect\"])(_store_js__WEBPACK_IMPORTED_MODULE_1__[\"state\"].count).to.equal(1)",
            "err": {},
            "isRoot": false,
            "uuid": "51ed55ab-2d5c-49c4-a9ac-cefdb28cd16b",
            "isHook": false,
            "skipped": false
          },
          {
            "title": "add ACCOUNT ",
            "fullTitle": "Store.js add ACCOUNT ",
            "timedOut": false,
            "duration": 0,
            "state": "passed",
            "speed": "fast",
            "pass": true,
            "fail": false,
            "pending": false,
            "code": "window.localStorage.clear();\nvar currentLength = _store_js__WEBPACK_IMPORTED_MODULE_1__[\"state\"].ACCOUNTS.length;\nconst account = { name: 'CuentaPrueba', description: '...' }\nObject(chai__WEBPACK_IMPORTED_MODULE_0__[\"expect\"])(_store_js__WEBPACK_IMPORTED_MODULE_1__[\"state\"].ACCOUNTS.length).to.equal(currentLength);\naddAccount(_store_js__WEBPACK_IMPORTED_MODULE_1__[\"state\"], account)\nObject(chai__WEBPACK_IMPORTED_MODULE_0__[\"expect\"])(_store_js__WEBPACK_IMPORTED_MODULE_1__[\"state\"].ACCOUNTS.length).to.equal(currentLength+1);",
            "err": {},
            "isRoot": false,
            "uuid": "3e5257aa-5122-490b-9872-2b9fca67453c",
            "isHook": false,
            "skipped": false
          },
          {
            "title": "add Multiple ACCOUNTS ",
            "fullTitle": "Store.js add Multiple ACCOUNTS ",
            "timedOut": false,
            "duration": 0,
            "state": "passed",
            "speed": "fast",
            "pass": true,
            "fail": false,
            "pending": false,
            "code": "window.localStorage.clear();\nvar currentLength = _store_js__WEBPACK_IMPORTED_MODULE_1__[\"state\"].ACCOUNTS.length;\nconst account1 = { name: 'CuentaPrueba1', description: '...' }\nconst account2 = { name: 'CuentaPrueba2', description: '...' }\nconst account3 = { name: 'CuentaPrueba3', description: '...' }\nObject(chai__WEBPACK_IMPORTED_MODULE_0__[\"expect\"])(_store_js__WEBPACK_IMPORTED_MODULE_1__[\"state\"].ACCOUNTS.length).to.equal(currentLength);\naddAccount(_store_js__WEBPACK_IMPORTED_MODULE_1__[\"state\"], account1)\naddAccount(_store_js__WEBPACK_IMPORTED_MODULE_1__[\"state\"], account2)\naddAccount(_store_js__WEBPACK_IMPORTED_MODULE_1__[\"state\"], account3)\nObject(chai__WEBPACK_IMPORTED_MODULE_0__[\"expect\"])(_store_js__WEBPACK_IMPORTED_MODULE_1__[\"state\"].ACCOUNTS.length).to.equal(currentLength+3);",
            "err": {},
            "isRoot": false,
            "uuid": "11e49fef-f077-4c33-963f-85c10e5d92e2",
            "isHook": false,
            "skipped": false
          },
          {
            "title": "delete ACCOUNT ",
            "fullTitle": "Store.js delete ACCOUNT ",
            "timedOut": false,
            "duration": 0,
            "state": "passed",
            "speed": "fast",
            "pass": true,
            "fail": false,
            "pending": false,
            "code": "var currentLength = _store_js__WEBPACK_IMPORTED_MODULE_1__[\"state\"].ACCOUNTS.length;\nconst account = { name: 'CuentaPruebaBorrado', description: '...' }\nObject(chai__WEBPACK_IMPORTED_MODULE_0__[\"expect\"])(_store_js__WEBPACK_IMPORTED_MODULE_1__[\"state\"].ACCOUNTS.length).to.equal(currentLength);\naddAccount(_store_js__WEBPACK_IMPORTED_MODULE_1__[\"state\"], account)\nObject(chai__WEBPACK_IMPORTED_MODULE_0__[\"expect\"])(_store_js__WEBPACK_IMPORTED_MODULE_1__[\"state\"].ACCOUNTS.length).to.equal(currentLength+1);\ndeleteAccount(_store_js__WEBPACK_IMPORTED_MODULE_1__[\"state\"],'CuentaPruebaBorrado');\nObject(chai__WEBPACK_IMPORTED_MODULE_0__[\"expect\"])(_store_js__WEBPACK_IMPORTED_MODULE_1__[\"state\"].ACCOUNTS.length).to.equal(currentLength);",
            "err": {},
            "isRoot": false,
            "uuid": "8666b9ff-92b3-40f2-a8e6-469a161ad48e",
            "isHook": false,
            "skipped": false
          },
          {
            "title": "add INCOME ",
            "fullTitle": "Store.js add INCOME ",
            "timedOut": false,
            "duration": 0,
            "state": "passed",
            "speed": "fast",
            "pass": true,
            "fail": false,
            "pending": false,
            "code": "const income = { name: 'income', amount: '10' }\nchai__WEBPACK_IMPORTED_MODULE_0__[\"assert\"].isEmpty(_store_js__WEBPACK_IMPORTED_MODULE_1__[\"state\"].INCOMES, 'Array de Incomes vacio')\naddIncome(_store_js__WEBPACK_IMPORTED_MODULE_1__[\"state\"], income)\nchai__WEBPACK_IMPORTED_MODULE_0__[\"assert\"].isNotEmpty(_store_js__WEBPACK_IMPORTED_MODULE_1__[\"state\"].INCOMES, 'Array de Incomes vacio')",
            "err": {},
            "isRoot": false,
            "uuid": "e6e3b86d-f6a6-4ef7-b8d8-b753a4142a03",
            "isHook": false,
            "skipped": false
          },
          {
            "title": "add INCOME_CATEGORY ",
            "fullTitle": "Store.js add INCOME_CATEGORY ",
            "timedOut": false,
            "duration": 0,
            "state": "passed",
            "speed": "fast",
            "pass": true,
            "fail": false,
            "pending": false,
            "code": "const category = { name: 'income' }\nObject(chai__WEBPACK_IMPORTED_MODULE_0__[\"expect\"])(_store_js__WEBPACK_IMPORTED_MODULE_1__[\"state\"].INCOME_CATEGORIES.length).to.equal(3),\naddIncomeCategory(_store_js__WEBPACK_IMPORTED_MODULE_1__[\"state\"], category)\nObject(chai__WEBPACK_IMPORTED_MODULE_0__[\"expect\"])(_store_js__WEBPACK_IMPORTED_MODULE_1__[\"state\"].INCOME_CATEGORIES.length).to.equal(4)",
            "err": {},
            "isRoot": false,
            "uuid": "9d522372-ebe2-4214-bc47-ae8a5cbb1e3c",
            "isHook": false,
            "skipped": false
          },
          {
            "title": "add EXPENSE_CATEGORY ",
            "fullTitle": "Store.js add EXPENSE_CATEGORY ",
            "timedOut": false,
            "duration": 0,
            "state": "passed",
            "speed": "fast",
            "pass": true,
            "fail": false,
            "pending": false,
            "code": "const category = { name: 'expense' }\nObject(chai__WEBPACK_IMPORTED_MODULE_0__[\"expect\"])(_store_js__WEBPACK_IMPORTED_MODULE_1__[\"state\"].EXPENSE_CATEGORIES.length).to.equal(4),\naddExpenseCategory(_store_js__WEBPACK_IMPORTED_MODULE_1__[\"state\"], category)\nObject(chai__WEBPACK_IMPORTED_MODULE_0__[\"expect\"])(_store_js__WEBPACK_IMPORTED_MODULE_1__[\"state\"].EXPENSE_CATEGORIES.length).to.equal(5)",
            "err": {},
            "isRoot": false,
            "uuid": "47d87984-0422-457b-b23a-fa1db08b0545",
            "isHook": false,
            "skipped": false
          },
          {
            "title": "add multiple Expense Categories ",
            "fullTitle": "Store.js add multiple Expense Categories ",
            "timedOut": false,
            "duration": 0,
            "state": "passed",
            "speed": "fast",
            "pass": true,
            "fail": false,
            "pending": false,
            "code": "const category1 = { name: 'expense1' }\nconst category2 = { name: 'expense2' }\nconst category3 = { name: 'expense3' }\nObject(chai__WEBPACK_IMPORTED_MODULE_0__[\"expect\"])(_store_js__WEBPACK_IMPORTED_MODULE_1__[\"state\"].EXPENSE_CATEGORIES.length).to.equal(5),\naddExpenseCategory(_store_js__WEBPACK_IMPORTED_MODULE_1__[\"state\"], category1)\naddExpenseCategory(_store_js__WEBPACK_IMPORTED_MODULE_1__[\"state\"], category2)\naddExpenseCategory(_store_js__WEBPACK_IMPORTED_MODULE_1__[\"state\"], category3)\nObject(chai__WEBPACK_IMPORTED_MODULE_0__[\"expect\"])(_store_js__WEBPACK_IMPORTED_MODULE_1__[\"state\"].EXPENSE_CATEGORIES.length).to.equal(8)",
            "err": {},
            "isRoot": false,
            "uuid": "3a3e5e15-7e4a-4212-beec-b1b85347f851",
            "isHook": false,
            "skipped": false
          },
          {
            "title": "add multiple Income Categories ",
            "fullTitle": "Store.js add multiple Income Categories ",
            "timedOut": false,
            "duration": 0,
            "state": "passed",
            "speed": "fast",
            "pass": true,
            "fail": false,
            "pending": false,
            "code": "const category1 = { name: 'income1' }\nconst category2 = { name: 'income2' }\nconst category3 = { name: 'income3' }\nObject(chai__WEBPACK_IMPORTED_MODULE_0__[\"expect\"])(_store_js__WEBPACK_IMPORTED_MODULE_1__[\"state\"].INCOME_CATEGORIES.length).to.equal(4),\naddIncomeCategory(_store_js__WEBPACK_IMPORTED_MODULE_1__[\"state\"], category1)\naddIncomeCategory(_store_js__WEBPACK_IMPORTED_MODULE_1__[\"state\"], category2)\naddIncomeCategory(_store_js__WEBPACK_IMPORTED_MODULE_1__[\"state\"], category3)\nObject(chai__WEBPACK_IMPORTED_MODULE_0__[\"expect\"])(_store_js__WEBPACK_IMPORTED_MODULE_1__[\"state\"].INCOME_CATEGORIES.length).to.equal(7)",
            "err": {},
            "isRoot": false,
            "uuid": "223dca5b-2b2b-410d-a175-db50196568c2",
            "isHook": false,
            "skipped": false
          },
          {
            "title": "Local Storage Data Saving",
            "fullTitle": "Store.js Local Storage Data Saving",
            "timedOut": false,
            "duration": 125,
            "state": "passed",
            "speed": "slow",
            "pass": true,
            "fail": false,
            "pending": false,
            "code": "const income = { name: 'income', amount: '10' }\naddIncome(_store_js__WEBPACK_IMPORTED_MODULE_1__[\"state\"], income)\nObject(chai__WEBPACK_IMPORTED_MODULE_0__[\"expect\"])(window.localStorage.length).to.equal(0)\nsaveAllData()\nObject(chai__WEBPACK_IMPORTED_MODULE_0__[\"expect\"])(window.localStorage.length).to.equal(1)",
            "err": {},
            "isRoot": false,
            "uuid": "fb8a5172-5cfa-425d-be8b-2280e0b69dbc",
            "isHook": false,
            "skipped": false
          },
          {
            "title": "Local Storage Data clearing",
            "fullTitle": "Store.js Local Storage Data clearing",
            "timedOut": false,
            "duration": 110,
            "state": "passed",
            "speed": "slow",
            "pass": true,
            "fail": false,
            "pending": false,
            "code": "const income = { name: 'income', amount: '10' }\naddIncome(_store_js__WEBPACK_IMPORTED_MODULE_1__[\"state\"], income)\nsaveAllData()\nObject(chai__WEBPACK_IMPORTED_MODULE_0__[\"expect\"])(window.localStorage.length).to.equal(1)\neraseAllData()\nObject(chai__WEBPACK_IMPORTED_MODULE_0__[\"expect\"])(window.localStorage.length).to.equal(0)",
            "err": {},
            "isRoot": false,
            "uuid": "5846fc0f-8d6a-4846-96a7-a3b6a24c8ecd",
            "isHook": false,
            "skipped": false
          }
        ],
        "suites": [],
        "passes": [
          "51ed55ab-2d5c-49c4-a9ac-cefdb28cd16b",
          "3e5257aa-5122-490b-9872-2b9fca67453c",
          "11e49fef-f077-4c33-963f-85c10e5d92e2",
          "8666b9ff-92b3-40f2-a8e6-469a161ad48e",
          "e6e3b86d-f6a6-4ef7-b8d8-b753a4142a03",
          "9d522372-ebe2-4214-bc47-ae8a5cbb1e3c",
          "47d87984-0422-457b-b23a-fa1db08b0545",
          "3a3e5e15-7e4a-4212-beec-b1b85347f851",
          "223dca5b-2b2b-410d-a175-db50196568c2",
          "fb8a5172-5cfa-425d-be8b-2280e0b69dbc",
          "5846fc0f-8d6a-4846-96a7-a3b6a24c8ecd"
        ],
        "failures": [],
        "pending": [],
        "skipped": [],
        "duration": 235,
        "root": false,
        "rootEmpty": false,
        "_timeout": 2000
      },
      {
        "uuid": "1ce22322-7851-4431-8b62-deffc2d820ae",
        "title": "reportes",
        "fullFile": "C:\\Users\\joaquin\\Desktop\\CertiFinal\\dist\\main.js",
        "file": "\\dist\\main.js",
        "beforeHooks": [],
        "afterHooks": [],
        "tests": [
          {
            "title": "renders two storage buttons",
            "fullTitle": "reportes renders two storage buttons",
            "timedOut": false,
            "duration": 125,
            "state": "passed",
            "speed": "slow",
            "pass": true,
            "fail": false,
            "pending": false,
            "code": "store = _store_js__WEBPACK_IMPORTED_MODULE_3__[\"storeTest\"]\n      let wrapper = Object(_vue_test_utils__WEBPACK_IMPORTED_MODULE_1__[\"mount\"])(_views_reportes_vue__WEBPACK_IMPORTED_MODULE_2__[\"default\"],{store})\n      let deleteButton = wrapper.find('#deleteData')\n      let saveButton = wrapper.find('#saveButton')\n      Object(chai__WEBPACK_IMPORTED_MODULE_0__[\"expect\"])((deleteButton).exists())\n      Object(chai__WEBPACK_IMPORTED_MODULE_0__[\"expect\"])((saveButton).exists())  \n    const income = { name: 'income', amount: '10' }\n    addIncome(_store_js__WEBPACK_IMPORTED_MODULE_3__[\"state\"], income)\n    Object(chai__WEBPACK_IMPORTED_MODULE_0__[\"expect\"])(window.localStorage.length).to.equal(0)\n    saveButton.trigger('click')\n    Object(chai__WEBPACK_IMPORTED_MODULE_0__[\"expect\"])(window.localStorage.length).to.equal(1)\n    deleteButton.trigger('click')\n    Object(chai__WEBPACK_IMPORTED_MODULE_0__[\"expect\"])(window.localStorage.length).to.equal(0)",
            "err": {},
            "isRoot": false,
            "uuid": "bfea7cac-48f0-4c3d-8756-665195a3f957",
            "isHook": false,
            "skipped": false
          }
        ],
        "suites": [],
        "passes": [
          "bfea7cac-48f0-4c3d-8756-665195a3f957"
        ],
        "failures": [],
        "pending": [],
        "skipped": [],
        "duration": 125,
        "root": false,
        "rootEmpty": false,
        "_timeout": 2000
      },
      {
        "uuid": "6ad68722-b1e5-43e8-b25d-0d4411061ac4",
        "title": "IncExpForm.vue",
        "fullFile": "C:\\Users\\joaquin\\Desktop\\CertiFinal\\dist\\main.js",
        "file": "\\dist\\main.js",
        "beforeHooks": [
          {
            "title": "\"before each\" hook",
            "fullTitle": "IncExpForm.vue \"before each\" hook",
            "timedOut": false,
            "duration": 0,
            "pass": false,
            "fail": false,
            "pending": false,
            "code": "store = _store_js__WEBPACK_IMPORTED_MODULE_3__[\"storeTest\"]       \nwrapper = Object(_vue_test_utils__WEBPACK_IMPORTED_MODULE_1__[\"shallowMount\"])(_components_IncExpForm_vue__WEBPACK_IMPORTED_MODULE_2__[\"default\"], {store, propsData: { formType } })",
            "err": {},
            "isRoot": false,
            "uuid": "0d55bf75-6c92-4604-95e9-5703caa1696f",
            "isHook": true,
            "skipped": false
          }
        ],
        "afterHooks": [],
        "tests": [
          {
            "title": "renders Name input",
            "fullTitle": "IncExpForm.vue renders Name input",
            "timedOut": false,
            "duration": 0,
            "state": "passed",
            "speed": "fast",
            "pass": true,
            "fail": false,
            "pending": false,
            "code": "Object(chai__WEBPACK_IMPORTED_MODULE_0__[\"expect\"])(wrapper.find('#Name').exists())",
            "err": {},
            "isRoot": false,
            "uuid": "f03b3055-51d7-4086-b824-1889c2af9e65",
            "isHook": false,
            "skipped": false
          },
          {
            "title": "renders Category label",
            "fullTitle": "IncExpForm.vue renders Category label",
            "timedOut": false,
            "duration": 0,
            "state": "passed",
            "speed": "fast",
            "pass": true,
            "fail": false,
            "pending": false,
            "code": "Object(chai__WEBPACK_IMPORTED_MODULE_0__[\"expect\"])(wrapper.find('#LblCategory').exists())",
            "err": {},
            "isRoot": false,
            "uuid": "dae340d0-b8a8-4f17-9348-03aedb22468b",
            "isHook": false,
            "skipped": false
          },
          {
            "title": "renders Amount input",
            "fullTitle": "IncExpForm.vue renders Amount input",
            "timedOut": false,
            "duration": 0,
            "state": "passed",
            "speed": "fast",
            "pass": true,
            "fail": false,
            "pending": false,
            "code": "Object(chai__WEBPACK_IMPORTED_MODULE_0__[\"expect\"])(wrapper.find('#Amount').exists())",
            "err": {},
            "isRoot": false,
            "uuid": "726171be-c2f0-4865-85c8-0a0f9843ec73",
            "isHook": false,
            "skipped": false
          },
          {
            "title": "renders expense in the titles when the formType is expense",
            "fullTitle": "IncExpForm.vue renders expense in the titles when the formType is expense",
            "timedOut": false,
            "duration": 0,
            "state": "passed",
            "speed": "fast",
            "pass": true,
            "fail": false,
            "pending": false,
            "code": "const title1 = wrapper.find('#lblName')\nconst title2 = wrapper.find('#lblCategory')\nconst title3 = wrapper.find('#lblAmount')\nObject(chai__WEBPACK_IMPORTED_MODULE_0__[\"expect\"])(title1.text()).to.equal('Expense Name')\nObject(chai__WEBPACK_IMPORTED_MODULE_0__[\"expect\"])(title2.text()).to.equal('Expense Category')\nObject(chai__WEBPACK_IMPORTED_MODULE_0__[\"expect\"])(title3.text()).to.equal('Expense Amount')",
            "err": {},
            "isRoot": false,
            "uuid": "8fbd87ba-67b1-4450-acf7-fe7540790bbf",
            "isHook": false,
            "skipped": false
          },
          {
            "title": "Category has 4 default options",
            "fullTitle": "IncExpForm.vue Category has 4 default options",
            "timedOut": false,
            "duration": 0,
            "state": "passed",
            "speed": "fast",
            "pass": true,
            "fail": false,
            "pending": false,
            "code": "const optionArray = wrapper.findAll('option')\nObject(chai__WEBPACK_IMPORTED_MODULE_0__[\"expect\"])(optionArray.at(0).text()).to.equal('Add...')\nObject(chai__WEBPACK_IMPORTED_MODULE_0__[\"expect\"])(optionArray.at(1).text()).to.equal('Expenses')\nObject(chai__WEBPACK_IMPORTED_MODULE_0__[\"expect\"])(optionArray.at(2).text()).to.equal('Transference')\nObject(chai__WEBPACK_IMPORTED_MODULE_0__[\"expect\"])(optionArray.at(3).text()).to.equal('Other')",
            "err": {},
            "isRoot": false,
            "uuid": "ca30f72a-2901-4518-8f8b-666205e294ba",
            "isHook": false,
            "skipped": false
          },
          {
            "title": "Deletes the Selected Category",
            "fullTitle": "IncExpForm.vue Deletes the Selected Category",
            "timedOut": false,
            "duration": 0,
            "state": "failed",
            "pass": false,
            "fail": true,
            "pending": false,
            "code": "const deleteButton = wrapper.find('#deleteButton')\nwrapper.vm.currentCategory = 'Transference'\ndeleteButton.trigger('click')\nconst optionArray = wrapper.findAll('option')\nObject(chai__WEBPACK_IMPORTED_MODULE_0__[\"expect\"])(optionArray.length).to.equal(3)",
            "err": {
              "message": "AssertionError: expected 8 to equal 3",
              "estack": "AssertionError: expected 8 to equal 3\n    at Context.test (dist\\webpack:\\tests\\unit\\RegIncOut.spec.js:45:1)",
              "diff": "- 8\n+ 3\n"
            },
            "isRoot": false,
            "uuid": "f2610825-9041-492a-a680-32a40ee2b76c",
            "isHook": false,
            "skipped": false
          }
        ],
        "suites": [],
        "passes": [
          "f03b3055-51d7-4086-b824-1889c2af9e65",
          "dae340d0-b8a8-4f17-9348-03aedb22468b",
          "726171be-c2f0-4865-85c8-0a0f9843ec73",
          "8fbd87ba-67b1-4450-acf7-fe7540790bbf",
          "ca30f72a-2901-4518-8f8b-666205e294ba"
        ],
        "failures": [
          "f2610825-9041-492a-a680-32a40ee2b76c"
        ],
        "pending": [],
        "skipped": [],
        "duration": 0,
        "root": false,
        "rootEmpty": false,
        "_timeout": 2000
      },
      {
        "uuid": "2ba7a5c5-27ee-471f-aff6-8a66044f7d02",
        "title": "Test store function",
        "fullFile": "C:\\Users\\joaquin\\Desktop\\CertiFinal\\dist\\main.js",
        "file": "\\dist\\main.js",
        "beforeHooks": [],
        "afterHooks": [],
        "tests": [
          {
            "title": "Add expense to the Expense Report",
            "fullTitle": "Test store function Add expense to the Expense Report",
            "timedOut": false,
            "duration": 0,
            "state": "passed",
            "speed": "fast",
            "pass": true,
            "fail": false,
            "pending": false,
            "code": "const initialLength = _store_js__WEBPACK_IMPORTED_MODULE_1__[\"state\"].EXPENSES.length\nvar expense = {\n  name: 'test name',\n  category: 'Salary',\n  amount: 15,\n  date: '10/11/2019',\n}\naddExpense(_store_js__WEBPACK_IMPORTED_MODULE_1__[\"state\"], expense)\nObject(chai__WEBPACK_IMPORTED_MODULE_0__[\"expect\"])(_store_js__WEBPACK_IMPORTED_MODULE_1__[\"state\"].EXPENSES.length).to.equal(initialLength + 1)",
            "err": {},
            "isRoot": false,
            "uuid": "65d493f9-44bb-4bad-9cc9-6ca4c2031438",
            "isHook": false,
            "skipped": false
          },
          {
            "title": "Test edit expense function",
            "fullTitle": "Test store function Test edit expense function",
            "timedOut": false,
            "duration": 0,
            "state": "passed",
            "speed": "fast",
            "pass": true,
            "fail": false,
            "pending": false,
            "code": "//eraseAllData()\nconst initialLength1 = _store_js__WEBPACK_IMPORTED_MODULE_1__[\"state\"].EXPENSES.length\nvar expense1 = {\n  name: 'another name',\n  category: 'Salary',\n  amount: 15,\n  date: '10/11/2019',\n}\nvar modifiedExpense = {\n  oldName: 'another name',\n  name: 'modified name',\n  category: 'Salary',\n  amount: 19,\n  date: '10/11/2019'\n}\naddExpense(_store_js__WEBPACK_IMPORTED_MODULE_1__[\"state\"], expense1)\nObject(chai__WEBPACK_IMPORTED_MODULE_0__[\"expect\"])(_store_js__WEBPACK_IMPORTED_MODULE_1__[\"state\"].EXPENSES.length).to.equal(initialLength1 + 1)\neditExpense(_store_js__WEBPACK_IMPORTED_MODULE_1__[\"state\"], modifiedExpense)\nObject(chai__WEBPACK_IMPORTED_MODULE_0__[\"expect\"])(_store_js__WEBPACK_IMPORTED_MODULE_1__[\"state\"].EXPENSES.length).to.equal(initialLength1 + 1)",
            "err": {},
            "isRoot": false,
            "uuid": "e1d1d3c7-22e9-4191-9f9e-691a3c83ef78",
            "isHook": false,
            "skipped": false
          },
          {
            "title": "Test delete expense function",
            "fullTitle": "Test store function Test delete expense function",
            "timedOut": false,
            "duration": 0,
            "state": "passed",
            "speed": "fast",
            "pass": true,
            "fail": false,
            "pending": false,
            "code": "const initLength = _store_js__WEBPACK_IMPORTED_MODULE_1__[\"state\"].EXPENSES.length\nvar expense2 = {\n  name: 'great name',\n  category: 'Other',\n  amount: 13,\n  date: '10/11/2019'\n}\naddExpense(_store_js__WEBPACK_IMPORTED_MODULE_1__[\"state\"], expense2)\nObject(chai__WEBPACK_IMPORTED_MODULE_0__[\"expect\"])(_store_js__WEBPACK_IMPORTED_MODULE_1__[\"state\"].EXPENSES.length).to.equal(initLength + 1)\ndeleteExpense(_store_js__WEBPACK_IMPORTED_MODULE_1__[\"state\"], expense2)\nObject(chai__WEBPACK_IMPORTED_MODULE_0__[\"expect\"])(_store_js__WEBPACK_IMPORTED_MODULE_1__[\"state\"].EXPENSES.length).to.equal(initLength)",
            "err": {},
            "isRoot": false,
            "uuid": "5a4731f5-9d5f-4e5e-a876-5956f930e057",
            "isHook": false,
            "skipped": false
          }
        ],
        "suites": [],
        "passes": [
          "65d493f9-44bb-4bad-9cc9-6ca4c2031438",
          "e1d1d3c7-22e9-4191-9f9e-691a3c83ef78",
          "5a4731f5-9d5f-4e5e-a876-5956f930e057"
        ],
        "failures": [],
        "pending": [],
        "skipped": [],
        "duration": 0,
        "root": false,
        "rootEmpty": false,
        "_timeout": 2000
      },
      {
        "uuid": "02756642-461f-49e6-9d48-66df8c505973",
        "title": "Test store function",
        "fullFile": "C:\\Users\\joaquin\\Desktop\\CertiFinal\\dist\\main.js",
        "file": "\\dist\\main.js",
        "beforeHooks": [],
        "afterHooks": [],
        "tests": [
          {
            "title": "Add income to the Income Report",
            "fullTitle": "Test store function Add income to the Income Report",
            "timedOut": false,
            "duration": 0,
            "state": "passed",
            "speed": "fast",
            "pass": true,
            "fail": false,
            "pending": false,
            "code": "const initialLength = _store_js__WEBPACK_IMPORTED_MODULE_1__[\"state\"].INCOMES.length\nvar income = {\n  name: 'test name',\n  category: 'Salary',\n  amount: 15,\n  date: '10/11/2019',\n}\naddIncome(_store_js__WEBPACK_IMPORTED_MODULE_1__[\"state\"], income)\nObject(chai__WEBPACK_IMPORTED_MODULE_0__[\"expect\"])(_store_js__WEBPACK_IMPORTED_MODULE_1__[\"state\"].INCOMES.length).to.equal(initialLength + 1)",
            "err": {},
            "isRoot": false,
            "uuid": "414ed4f0-beb4-4549-a6f5-33a6454690b4",
            "isHook": false,
            "skipped": false
          },
          {
            "title": "Test edit income function",
            "fullTitle": "Test store function Test edit income function",
            "timedOut": false,
            "duration": 0,
            "state": "passed",
            "speed": "fast",
            "pass": true,
            "fail": false,
            "pending": false,
            "code": "//eraseAllData()\nconst initialLength1 = _store_js__WEBPACK_IMPORTED_MODULE_1__[\"state\"].INCOMES.length\nvar income1 = {\n  name: 'another name',\n  category: 'Salary',\n  amount: 15,\n  date: '10/11/2019',\n}\nvar modifiedIncome = {\n  oldName: 'another name',\n  name: 'modified name',\n  category: 'Salary',\n  amount: 19,\n  date: '10/11/2019'\n}\naddIncome(_store_js__WEBPACK_IMPORTED_MODULE_1__[\"state\"], income1)\nObject(chai__WEBPACK_IMPORTED_MODULE_0__[\"expect\"])(_store_js__WEBPACK_IMPORTED_MODULE_1__[\"state\"].INCOMES.length).to.equal(initialLength1 + 1)\neditIncome(_store_js__WEBPACK_IMPORTED_MODULE_1__[\"state\"], modifiedIncome)\nObject(chai__WEBPACK_IMPORTED_MODULE_0__[\"expect\"])(_store_js__WEBPACK_IMPORTED_MODULE_1__[\"state\"].INCOMES.length).to.equal(initialLength1 + 1)",
            "err": {},
            "isRoot": false,
            "uuid": "9408c9f1-930a-4251-a1dc-b75f0ecb76c3",
            "isHook": false,
            "skipped": false
          },
          {
            "title": "Test delete income function",
            "fullTitle": "Test store function Test delete income function",
            "timedOut": false,
            "duration": 0,
            "state": "passed",
            "speed": "fast",
            "pass": true,
            "fail": false,
            "pending": false,
            "code": "const initLength = _store_js__WEBPACK_IMPORTED_MODULE_1__[\"state\"].INCOMES.length\nvar income2 = {\n  name: 'great name',\n  category: 'Other',\n  amount: 13,\n  date: '10/11/2019'\n}\naddIncome(_store_js__WEBPACK_IMPORTED_MODULE_1__[\"state\"], income2)\nObject(chai__WEBPACK_IMPORTED_MODULE_0__[\"expect\"])(_store_js__WEBPACK_IMPORTED_MODULE_1__[\"state\"].INCOMES.length).to.equal(initLength + 1)\ndeleteIncome(_store_js__WEBPACK_IMPORTED_MODULE_1__[\"state\"], income2)\nObject(chai__WEBPACK_IMPORTED_MODULE_0__[\"expect\"])(_store_js__WEBPACK_IMPORTED_MODULE_1__[\"state\"].INCOMES.length).to.equal(initLength)",
            "err": {},
            "isRoot": false,
            "uuid": "aa54b8bd-0774-4fa4-b777-230293345407",
            "isHook": false,
            "skipped": false
          }
        ],
        "suites": [],
        "passes": [
          "414ed4f0-beb4-4549-a6f5-33a6454690b4",
          "9408c9f1-930a-4251-a1dc-b75f0ecb76c3",
          "aa54b8bd-0774-4fa4-b777-230293345407"
        ],
        "failures": [],
        "pending": [],
        "skipped": [],
        "duration": 0,
        "root": false,
        "rootEmpty": false,
        "_timeout": 2000
      },
      {
        "uuid": "2f41ed5a-951d-4c17-86d4-2622e1b4430e",
        "title": "reportes.vue",
        "fullFile": "C:\\Users\\joaquin\\Desktop\\CertiFinal\\dist\\main.js",
        "file": "\\dist\\main.js",
        "beforeHooks": [
          {
            "title": "\"before each\" hook",
            "fullTitle": "reportes.vue \"before each\" hook",
            "timedOut": false,
            "duration": 16,
            "pass": false,
            "fail": false,
            "pending": false,
            "code": "store = _store_js__WEBPACK_IMPORTED_MODULE_3__[\"storeTest\"]       \nwrapper = Object(_vue_test_utils__WEBPACK_IMPORTED_MODULE_1__[\"shallowMount\"])(_views_reportes_vue__WEBPACK_IMPORTED_MODULE_2__[\"default\"], {store})",
            "err": {},
            "isRoot": false,
            "uuid": "26146f52-f9fa-412f-a305-9f10c3849c1f",
            "isHook": true,
            "skipped": false
          }
        ],
        "afterHooks": [],
        "tests": [
          {
            "title": "buttons add, edit, delete in Ingresos",
            "fullTitle": "reportes.vue buttons add, edit, delete in Ingresos",
            "timedOut": false,
            "duration": 0,
            "state": "passed",
            "speed": "fast",
            "pass": true,
            "fail": false,
            "pending": false,
            "code": "const buttonArray = wrapper.findAll('b-button')\nconst firstButton = buttonArray.at(0)\nconst secondButton = buttonArray.at(1)\nconst thirdButton = buttonArray.at(2)\nObject(chai__WEBPACK_IMPORTED_MODULE_0__[\"expect\"])(buttonArray.length).to.equal(6)\nObject(chai__WEBPACK_IMPORTED_MODULE_0__[\"expect\"])(firstButton.text()).to.equal('Add')\nObject(chai__WEBPACK_IMPORTED_MODULE_0__[\"expect\"])(secondButton.text()).to.equal('Edit')\nObject(chai__WEBPACK_IMPORTED_MODULE_0__[\"expect\"])(thirdButton.text()).to.equal('Delete')",
            "err": {},
            "isRoot": false,
            "uuid": "08e93d0a-ad2e-446a-accd-19ebcbed5b4c",
            "isHook": false,
            "skipped": false
          },
          {
            "title": "Table has 4 columns: name, category, amount, date",
            "fullTitle": "reportes.vue Table has 4 columns: name, category, amount, date",
            "timedOut": false,
            "duration": 0,
            "state": "passed",
            "speed": "fast",
            "pass": true,
            "fail": false,
            "pending": false,
            "code": "const fieldArray = wrapper.vm.fields\nconst firstColumn = fieldArray[0]\nconst secondColumn = fieldArray[1]\nconst thirdColumn = fieldArray[2]\nconst fourthColumn = fieldArray[3]\nObject(chai__WEBPACK_IMPORTED_MODULE_0__[\"expect\"])(fieldArray.length).to.equal(4)\nObject(chai__WEBPACK_IMPORTED_MODULE_0__[\"expect\"])(firstColumn).to.equal('name')\nObject(chai__WEBPACK_IMPORTED_MODULE_0__[\"expect\"])(secondColumn).to.equal('category')\nObject(chai__WEBPACK_IMPORTED_MODULE_0__[\"expect\"])(thirdColumn).to.equal('amount')\nObject(chai__WEBPACK_IMPORTED_MODULE_0__[\"expect\"])(fourthColumn).to.equal('date')",
            "err": {},
            "isRoot": false,
            "uuid": "33215e9b-cf26-46d4-92b1-514467727d11",
            "isHook": false,
            "skipped": false
          },
          {
            "title": "Ensure that there is no data",
            "fullTitle": "reportes.vue Ensure that there is no data",
            "timedOut": false,
            "duration": 0,
            "state": "failed",
            "pass": false,
            "fail": true,
            "pending": false,
            "code": "const itemArray = wrapper.vm.items\nObject(chai__WEBPACK_IMPORTED_MODULE_0__[\"expect\"])(itemArray.length).to.equal(0)",
            "err": {
              "message": "AssertionError: expected 3 to equal 0",
              "estack": "AssertionError: expected 3 to equal 0\n    at Context.test (dist\\webpack:\\tests\\unit\\reportes_test.spec.js:41:1)",
              "diff": "- 3\n+ 0\n"
            },
            "isRoot": false,
            "uuid": "559e2dd4-69ed-4d58-ae4f-a61a77236362",
            "isHook": false,
            "skipped": false
          }
        ],
        "suites": [],
        "passes": [
          "08e93d0a-ad2e-446a-accd-19ebcbed5b4c",
          "33215e9b-cf26-46d4-92b1-514467727d11"
        ],
        "failures": [
          "559e2dd4-69ed-4d58-ae4f-a61a77236362"
        ],
        "pending": [],
        "skipped": [],
        "duration": 0,
        "root": false,
        "rootEmpty": false,
        "_timeout": 2000
      }
    ],
    "passes": [],
    "failures": [],
    "pending": [],
    "skipped": [],
    "duration": 0,
    "root": true,
    "rootEmpty": true,
    "_timeout": 2000
  },
  "copyrightYear": 2019
}