{
  "stats": {
    "suites": 4,
    "tests": 16,
    "passes": 15,
    "pending": 0,
    "failures": 1,
    "start": "2019-05-23T01:39:24.175Z",
    "end": "2019-05-23T01:39:24.857Z",
    "duration": 682,
    "testsRegistered": 16,
    "passPercent": 93.8,
    "pendingPercent": 0,
    "other": 0,
    "hasOther": false,
    "skipped": 0,
    "hasSkipped": false,
    "passPercentClass": "success",
    "pendingPercentClass": "danger"
  },
  "suites": {
    "uuid": "e54d714c-121f-42ef-ab45-54316b1d4f14",
    "title": "",
    "fullFile": "",
    "file": "",
    "beforeHooks": [],
    "afterHooks": [],
    "tests": [],
    "suites": [
      {
        "uuid": "3e519d6e-94a1-449e-9420-bf9434c878f1",
        "title": "Account.vue",
        "fullFile": "D:\\UPB\\Upb Industrial\\Certificacion\\CertiFinal\\dist\\main.js",
        "file": "\\dist\\main.js",
        "beforeHooks": [
          {
            "title": "\"before each\" hook",
            "fullTitle": "Account.vue \"before each\" hook",
            "timedOut": false,
            "duration": 12,
            "pass": false,
            "fail": false,
            "pending": false,
            "code": "store = _store_js__WEBPACK_IMPORTED_MODULE_3__[\"storeTest\"]   \nwrapper = Object(_vue_test_utils__WEBPACK_IMPORTED_MODULE_1__[\"shallowMount\"])(_components_Account_vue__WEBPACK_IMPORTED_MODULE_2__[\"default\"],{store})",
            "err": {},
            "isRoot": false,
            "uuid": "ddfcad9c-448f-4932-8af3-39903d8fb231",
            "isHook": true,
            "skipped": false
          }
        ],
        "afterHooks": [],
        "tests": [
          {
            "title": "Account has 3 buttons: add, edit, delete",
            "fullTitle": "Account.vue Account has 3 buttons: add, edit, delete",
            "timedOut": false,
            "duration": 8,
            "state": "passed",
            "speed": "fast",
            "pass": true,
            "fail": false,
            "pending": false,
            "code": "const buttonArray = wrapper.findAll('button')\nconst firstButton = buttonArray.at(1)\nconst secondButton = buttonArray.at(2)\nconst thirdButton = buttonArray.at(3)\nObject(chai__WEBPACK_IMPORTED_MODULE_0__[\"expect\"])(buttonArray.length).to.equal(4)\nObject(chai__WEBPACK_IMPORTED_MODULE_0__[\"expect\"])(firstButton.text()).to.equal('Add')\nObject(chai__WEBPACK_IMPORTED_MODULE_0__[\"expect\"])(secondButton.text()).to.equal('Edit')\nObject(chai__WEBPACK_IMPORTED_MODULE_0__[\"expect\"])(thirdButton.text()).to.equal('Delete')",
            "err": {},
            "isRoot": false,
            "uuid": "a0ecd072-b468-4a11-b602-452bd114be35",
            "isHook": false,
            "skipped": false
          },
          {
            "title": "Table has 2 columns: name, description",
            "fullTitle": "Account.vue Table has 2 columns: name, description",
            "timedOut": false,
            "duration": 0,
            "state": "passed",
            "speed": "fast",
            "pass": true,
            "fail": false,
            "pending": false,
            "code": "const fieldArray = wrapper.vm.fields\nconst firstColumn = fieldArray[0]\nconst secondColumn = fieldArray[1]\nObject(chai__WEBPACK_IMPORTED_MODULE_0__[\"expect\"])(fieldArray.length).to.equal(2)\nObject(chai__WEBPACK_IMPORTED_MODULE_0__[\"expect\"])(firstColumn.value).to.equal('name')\nObject(chai__WEBPACK_IMPORTED_MODULE_0__[\"expect\"])(secondColumn.value).to.equal('description')",
            "err": {},
            "isRoot": false,
            "uuid": "3fe019e2-e08a-49f0-b197-da847c69f596",
            "isHook": false,
            "skipped": false
          },
          {
            "title": "At button click, at least 1 object exists in array",
            "fullTitle": "Account.vue At button click, at least 1 object exists in array",
            "timedOut": false,
            "duration": 4,
            "state": "passed",
            "speed": "fast",
            "pass": true,
            "fail": false,
            "pending": false,
            "code": "const initialLength = wrapper.vm.accountArray.length\nwrapper.find('button.add')\nwrapper.vm.add(object)\nObject(chai__WEBPACK_IMPORTED_MODULE_0__[\"expect\"])(wrapper.vm.accountArray.length).to.equal(initialLength + 1)",
            "err": {},
            "isRoot": false,
            "uuid": "05aa0e03-130f-4ea3-bd6e-7cbab97e3205",
            "isHook": false,
            "skipped": false
          }
        ],
        "suites": [],
        "passes": [
          "a0ecd072-b468-4a11-b602-452bd114be35",
          "3fe019e2-e08a-49f0-b197-da847c69f596",
          "05aa0e03-130f-4ea3-bd6e-7cbab97e3205"
        ],
        "failures": [],
        "pending": [],
        "skipped": [],
        "duration": 12,
        "root": false,
        "rootEmpty": false,
        "_timeout": 2000
      },
      {
        "uuid": "b2e3e441-52ee-42fd-8014-a4ab6f0e5c3e",
        "title": "mutations",
        "fullFile": "D:\\UPB\\Upb Industrial\\Certificacion\\CertiFinal\\dist\\main.js",
        "file": "\\dist\\main.js",
        "beforeHooks": [],
        "afterHooks": [],
        "tests": [
          {
            "title": "Mutations are Testable",
            "fullTitle": "mutations Mutations are Testable",
            "timedOut": false,
            "duration": 0,
            "state": "passed",
            "speed": "fast",
            "pass": true,
            "fail": false,
            "pending": false,
            "code": "increment()\nObject(chai__WEBPACK_IMPORTED_MODULE_0__[\"expect\"])(_store_js__WEBPACK_IMPORTED_MODULE_1__[\"state\"].count).to.equal(1)",
            "err": {},
            "isRoot": false,
            "uuid": "f7854c09-deaf-4781-8972-85a1ca067748",
            "isHook": false,
            "skipped": false
          },
          {
            "title": "add INCOME ",
            "fullTitle": "mutations add INCOME ",
            "timedOut": false,
            "duration": 146,
            "state": "passed",
            "speed": "slow",
            "pass": true,
            "fail": false,
            "pending": false,
            "code": "const income = { name: 'income', amount: '10' }\nchai__WEBPACK_IMPORTED_MODULE_0__[\"assert\"].isEmpty(_store_js__WEBPACK_IMPORTED_MODULE_1__[\"state\"].INCOMES, 'Array de Incomes vacio')\naddIncome(_store_js__WEBPACK_IMPORTED_MODULE_1__[\"state\"], income)\nchai__WEBPACK_IMPORTED_MODULE_0__[\"assert\"].isNotEmpty(_store_js__WEBPACK_IMPORTED_MODULE_1__[\"state\"].INCOMES, 'Array de Incomes vacio')",
            "err": {},
            "isRoot": false,
            "uuid": "dcd5315a-a5c0-4758-b639-8e76a63efffe",
            "isHook": false,
            "skipped": false
          },
          {
            "title": "Local Storage Data Saving",
            "fullTitle": "mutations Local Storage Data Saving",
            "timedOut": false,
            "duration": 120,
            "state": "passed",
            "speed": "slow",
            "pass": true,
            "fail": false,
            "pending": false,
            "code": "const income = { name: 'income', amount: '10' }\naddIncome(_store_js__WEBPACK_IMPORTED_MODULE_1__[\"state\"], income)\nObject(chai__WEBPACK_IMPORTED_MODULE_0__[\"expect\"])(window.localStorage.length).to.equal(0)\nsaveAllData()\nObject(chai__WEBPACK_IMPORTED_MODULE_0__[\"expect\"])(window.localStorage.length).to.equal(1)",
            "err": {},
            "isRoot": false,
            "uuid": "eb227daf-8823-4b11-8dd7-1b0f743555ad",
            "isHook": false,
            "skipped": false
          },
          {
            "title": "Local Storage Data clearing",
            "fullTitle": "mutations Local Storage Data clearing",
            "timedOut": false,
            "duration": 101,
            "state": "passed",
            "speed": "slow",
            "pass": true,
            "fail": false,
            "pending": false,
            "code": "const income = { name: 'income', amount: '10' }\naddIncome(_store_js__WEBPACK_IMPORTED_MODULE_1__[\"state\"], income)\nsaveAllData()\nObject(chai__WEBPACK_IMPORTED_MODULE_0__[\"expect\"])(window.localStorage.length).to.equal(1)\neraseAllData()\nObject(chai__WEBPACK_IMPORTED_MODULE_0__[\"expect\"])(window.localStorage.length).to.equal(0)",
            "err": {},
            "isRoot": false,
            "uuid": "330abd9d-d35c-4fb4-b4d3-de090d989ea9",
            "isHook": false,
            "skipped": false
          }
        ],
        "suites": [],
        "passes": [
          "f7854c09-deaf-4781-8972-85a1ca067748",
          "dcd5315a-a5c0-4758-b639-8e76a63efffe",
          "eb227daf-8823-4b11-8dd7-1b0f743555ad",
          "330abd9d-d35c-4fb4-b4d3-de090d989ea9"
        ],
        "failures": [],
        "pending": [],
        "skipped": [],
        "duration": 367,
        "root": false,
        "rootEmpty": false,
        "_timeout": 2000
      },
      {
        "uuid": "c4923782-83fc-44a3-945f-120e16141088",
        "title": "IncExpForm.vue",
        "fullFile": "D:\\UPB\\Upb Industrial\\Certificacion\\CertiFinal\\dist\\main.js",
        "file": "\\dist\\main.js",
        "beforeHooks": [
          {
            "title": "\"before each\" hook",
            "fullTitle": "IncExpForm.vue \"before each\" hook",
            "timedOut": false,
            "duration": 6,
            "pass": false,
            "fail": false,
            "pending": false,
            "code": "store = _store_js__WEBPACK_IMPORTED_MODULE_3__[\"storeTest\"]       \nwrapper = Object(_vue_test_utils__WEBPACK_IMPORTED_MODULE_1__[\"shallowMount\"])(_components_IncExpForm_vue__WEBPACK_IMPORTED_MODULE_2__[\"default\"], {store, propsData: { formType } })",
            "err": {},
            "isRoot": false,
            "uuid": "129e8122-a179-49f2-95b8-3e660d671bdb",
            "isHook": true,
            "skipped": false
          }
        ],
        "afterHooks": [],
        "tests": [
          {
            "title": "renders Name input",
            "fullTitle": "IncExpForm.vue renders Name input",
            "timedOut": false,
            "duration": 2,
            "state": "passed",
            "speed": "fast",
            "pass": true,
            "fail": false,
            "pending": false,
            "code": "Object(chai__WEBPACK_IMPORTED_MODULE_0__[\"expect\"])(wrapper.find('#Name').exists())",
            "err": {},
            "isRoot": false,
            "uuid": "c9a41f54-bd5a-4b6b-a15d-ec00ecc4989c",
            "isHook": false,
            "skipped": false
          },
          {
            "title": "renders Category label",
            "fullTitle": "IncExpForm.vue renders Category label",
            "timedOut": false,
            "duration": 2,
            "state": "passed",
            "speed": "fast",
            "pass": true,
            "fail": false,
            "pending": false,
            "code": "Object(chai__WEBPACK_IMPORTED_MODULE_0__[\"expect\"])(wrapper.find('#LblCategory').exists())",
            "err": {},
            "isRoot": false,
            "uuid": "9b9b9645-390f-4b4f-b702-e794e2e6af48",
            "isHook": false,
            "skipped": false
          },
          {
            "title": "renders Amount input",
            "fullTitle": "IncExpForm.vue renders Amount input",
            "timedOut": false,
            "duration": 1,
            "state": "passed",
            "speed": "fast",
            "pass": true,
            "fail": false,
            "pending": false,
            "code": "Object(chai__WEBPACK_IMPORTED_MODULE_0__[\"expect\"])(wrapper.find('#Amount').exists())",
            "err": {},
            "isRoot": false,
            "uuid": "7c215c77-91ad-41b4-a32d-203c5835a02e",
            "isHook": false,
            "skipped": false
          },
          {
            "title": "renders expense in the titles when the formType is expense",
            "fullTitle": "IncExpForm.vue renders expense in the titles when the formType is expense",
            "timedOut": false,
            "duration": 2,
            "state": "passed",
            "speed": "fast",
            "pass": true,
            "fail": false,
            "pending": false,
            "code": "const title1 = wrapper.find('#lblName')\nconst title2 = wrapper.find('#lblCategory')\nconst title3 = wrapper.find('#lblAmount')\nObject(chai__WEBPACK_IMPORTED_MODULE_0__[\"expect\"])(title1.text()).to.equal('Expense Name')\nObject(chai__WEBPACK_IMPORTED_MODULE_0__[\"expect\"])(title2.text()).to.equal('Expense Category')\nObject(chai__WEBPACK_IMPORTED_MODULE_0__[\"expect\"])(title3.text()).to.equal('Expense Amount')",
            "err": {},
            "isRoot": false,
            "uuid": "6b64da3b-6d90-4e42-9496-61535381d5ca",
            "isHook": false,
            "skipped": false
          },
          {
            "title": "Category has 4 default options",
            "fullTitle": "IncExpForm.vue Category has 4 default options",
            "timedOut": false,
            "duration": 1,
            "state": "passed",
            "speed": "fast",
            "pass": true,
            "fail": false,
            "pending": false,
            "code": "const optionArray = wrapper.findAll('option')\nObject(chai__WEBPACK_IMPORTED_MODULE_0__[\"expect\"])(optionArray.at(0).text()).to.equal('Add...')\nObject(chai__WEBPACK_IMPORTED_MODULE_0__[\"expect\"])(optionArray.at(1).text()).to.equal('Expenses')\nObject(chai__WEBPACK_IMPORTED_MODULE_0__[\"expect\"])(optionArray.at(2).text()).to.equal('Transference')\nObject(chai__WEBPACK_IMPORTED_MODULE_0__[\"expect\"])(optionArray.at(3).text()).to.equal('Other')",
            "err": {},
            "isRoot": false,
            "uuid": "2add4d80-1686-4a6a-8459-7645fa8b0569",
            "isHook": false,
            "skipped": false
          },
          {
            "title": "Deletes the Selected Category",
            "fullTitle": "IncExpForm.vue Deletes the Selected Category",
            "timedOut": false,
            "duration": 13,
            "state": "passed",
            "speed": "fast",
            "pass": true,
            "fail": false,
            "pending": false,
            "code": "const deleteButton = wrapper.find('#deleteButton')\nwrapper.vm.currentCategory = 'Transference'\ndeleteButton.trigger('click')\nconst optionArray = wrapper.findAll('option')\nObject(chai__WEBPACK_IMPORTED_MODULE_0__[\"expect\"])(optionArray.length).to.equal(3)",
            "err": {},
            "isRoot": false,
            "uuid": "b157b7e5-8188-4b73-9523-d70a0672a0f4",
            "isHook": false,
            "skipped": false
          }
        ],
        "suites": [],
        "passes": [
          "c9a41f54-bd5a-4b6b-a15d-ec00ecc4989c",
          "9b9b9645-390f-4b4f-b702-e794e2e6af48",
          "7c215c77-91ad-41b4-a32d-203c5835a02e",
          "6b64da3b-6d90-4e42-9496-61535381d5ca",
          "2add4d80-1686-4a6a-8459-7645fa8b0569",
          "b157b7e5-8188-4b73-9523-d70a0672a0f4"
        ],
        "failures": [],
        "pending": [],
        "skipped": [],
        "duration": 21,
        "root": false,
        "rootEmpty": false,
        "_timeout": 2000
      },
      {
        "uuid": "144e38ca-a09a-41ef-9ce2-8f5500e6af07",
        "title": "reportes.vue",
        "fullFile": "D:\\UPB\\Upb Industrial\\Certificacion\\CertiFinal\\dist\\main.js",
        "file": "\\dist\\main.js",
        "beforeHooks": [
          {
            "title": "\"before each\" hook",
            "fullTitle": "reportes.vue \"before each\" hook",
            "timedOut": false,
            "duration": 11,
            "pass": false,
            "fail": false,
            "pending": false,
            "code": "store = _store_js__WEBPACK_IMPORTED_MODULE_3__[\"storeTest\"]       \nwrapper = Object(_vue_test_utils__WEBPACK_IMPORTED_MODULE_1__[\"shallowMount\"])(_views_reportes_vue__WEBPACK_IMPORTED_MODULE_2__[\"default\"], {store})",
            "err": {},
            "isRoot": false,
            "uuid": "077e6b14-703d-4ebe-ac6c-1556d32f9e55",
            "isHook": true,
            "skipped": false
          }
        ],
        "afterHooks": [],
        "tests": [
          {
            "title": "buttons add, edit, delete in Ingresos",
            "fullTitle": "reportes.vue buttons add, edit, delete in Ingresos",
            "timedOut": false,
            "duration": 1,
            "state": "passed",
            "speed": "fast",
            "pass": true,
            "fail": false,
            "pending": false,
            "code": "const buttonArray = wrapper.findAll('b-button')\nconst firstButton = buttonArray.at(0)\nconst secondButton = buttonArray.at(1)\nconst thirdButton = buttonArray.at(2)\nObject(chai__WEBPACK_IMPORTED_MODULE_0__[\"expect\"])(buttonArray.length).to.equal(6)\nObject(chai__WEBPACK_IMPORTED_MODULE_0__[\"expect\"])(firstButton.text()).to.equal('Add')\nObject(chai__WEBPACK_IMPORTED_MODULE_0__[\"expect\"])(secondButton.text()).to.equal('Edit')\nObject(chai__WEBPACK_IMPORTED_MODULE_0__[\"expect\"])(thirdButton.text()).to.equal('Delete')",
            "err": {},
            "isRoot": false,
            "uuid": "25a60ede-761a-425e-952b-7a6b215ac11b",
            "isHook": false,
            "skipped": false
          },
          {
            "title": "Table has 4 columns: name, category, amount, date",
            "fullTitle": "reportes.vue Table has 4 columns: name, category, amount, date",
            "timedOut": false,
            "duration": 0,
            "state": "passed",
            "speed": "fast",
            "pass": true,
            "fail": false,
            "pending": false,
            "code": "const fieldArray = wrapper.vm.fields\nconst firstColumn = fieldArray[0]\nconst secondColumn = fieldArray[1]\nconst thirdColumn = fieldArray[2]\nconst fourthColumn = fieldArray[3]\nObject(chai__WEBPACK_IMPORTED_MODULE_0__[\"expect\"])(fieldArray.length).to.equal(4)\nObject(chai__WEBPACK_IMPORTED_MODULE_0__[\"expect\"])(firstColumn).to.equal('name')\nObject(chai__WEBPACK_IMPORTED_MODULE_0__[\"expect\"])(secondColumn).to.equal('category')\nObject(chai__WEBPACK_IMPORTED_MODULE_0__[\"expect\"])(thirdColumn).to.equal('amount')\nObject(chai__WEBPACK_IMPORTED_MODULE_0__[\"expect\"])(fourthColumn).to.equal('date')",
            "err": {},
            "isRoot": false,
            "uuid": "7c5333d4-502c-41a5-a9b0-cf393d860e89",
            "isHook": false,
            "skipped": false
          },
          {
            "title": "Ensure that there is no data",
            "fullTitle": "reportes.vue Ensure that there is no data",
            "timedOut": false,
            "duration": 1,
            "state": "failed",
            "pass": false,
            "fail": true,
            "pending": false,
            "code": "const itemArray = wrapper.vm.items\nObject(chai__WEBPACK_IMPORTED_MODULE_0__[\"expect\"])(itemArray.length).to.equal(0)",
            "err": {
              "message": "AssertionError: expected 1 to equal 0",
              "estack": "AssertionError: expected 1 to equal 0\n    at Context.test (dist\\webpack:\\tests\\unit\\reportes_test.spec.js:41:1)",
              "diff": "- 1\n+ 0\n"
            },
            "isRoot": false,
            "uuid": "3d712fd3-77b5-469c-ae51-152671600a18",
            "isHook": false,
            "skipped": false
          }
        ],
        "suites": [],
        "passes": [
          "25a60ede-761a-425e-952b-7a6b215ac11b",
          "7c5333d4-502c-41a5-a9b0-cf393d860e89"
        ],
        "failures": [
          "3d712fd3-77b5-469c-ae51-152671600a18"
        ],
        "pending": [],
        "skipped": [],
        "duration": 2,
        "root": false,
        "rootEmpty": false,
        "_timeout": 2000
      }
    ],
    "passes": [],
    "failures": [],
    "pending": [],
    "skipped": [],
    "duration": 0,
    "root": true,
    "rootEmpty": true,
    "_timeout": 2000
  },
  "copyrightYear": 2019
}